2023-02-24 10:34:34,157 INFO [main] c.x.job.admin.XxlJobAdminApplication [StartupInfoLogger.java : 55] Starting XxlJobAdminApplication using Java 1.8.0_131 on qingfeng_java with PID 16516 (D:\IDEA版java相关知识学习\web项目开发\基于SpringBoot的攀枝花学院第二课堂素质拓展学分管理系统\微服务架构版\后端\currency_authority\currency_xxl_job\xxl-job-admin\target\classes started by 25627 in D:\IDEA版java相关知识学习\web项目开发\基于SpringBoot的攀枝花学院第二课堂素质拓展学分管理系统\微服务架构版\后端\currency_authority)
2023-02-24 10:34:34,168 INFO [main] c.x.job.admin.XxlJobAdminApplication [SpringApplication.java : 660] No active profile set, falling back to default profiles: default
2023-02-24 10:34:39,842 INFO [main] o.s.b.w.e.tomcat.TomcatWebServer [TomcatWebServer.java : 108] Tomcat initialized with port(s): 8080 (http)
2023-02-24 10:34:40,063 INFO [main] o.a.coyote.http11.Http11NioProtocol [DirectJDKLog.java : 173] Initializing ProtocolHandler ["http-nio-8080"]
2023-02-24 10:34:40,064 INFO [main] o.a.catalina.core.StandardService [DirectJDKLog.java : 173] Starting service [Tomcat]
2023-02-24 10:34:40,068 INFO [main] o.a.catalina.core.StandardEngine [DirectJDKLog.java : 173] Starting Servlet engine: [Apache Tomcat/9.0.41]
2023-02-24 10:34:41,126 INFO [main] o.a.c.c.C.[.[.[/xxl-job-admin] [DirectJDKLog.java : 173] Initializing Spring embedded WebApplicationContext
2023-02-24 10:34:41,126 INFO [main] o.s.b.w.s.c.ServletWebServerApplicationContext [ServletWebServerApplicationContext.java : 289] Root WebApplicationContext: initialization completed in 6203 ms
2023-02-24 10:34:43,498 INFO [main] c.x.j.a.c.scheduler.XxlJobScheduler [XxlJobScheduler.java : 45] >>>>>>>>> init xxl-job admin success.
2023-02-24 10:34:43,531 INFO [xxl-job, admin JobLosedMonitorHelper] com.zaxxer.hikari.HikariDataSource [HikariDataSource.java : 110] HikariCP - Starting...
2023-02-24 10:34:43,778 INFO [main] o.s.s.c.ThreadPoolTaskExecutor [ExecutorConfigurationSupport.java : 181] Initializing ExecutorService 'applicationTaskExecutor'
2023-02-24 10:34:44,078 INFO [main] o.s.b.a.w.s.WelcomePageHandlerMapping [WelcomePageHandlerMapping.java : 57] Adding welcome page template: index
2023-02-24 10:34:45,204 INFO [main] o.s.b.a.e.web.EndpointLinksResolver [EndpointLinksResolver.java : 58] Exposing 2 endpoint(s) beneath base path '/actuator'
2023-02-24 10:34:45,277 INFO [main] o.a.coyote.http11.Http11NioProtocol [DirectJDKLog.java : 173] Starting ProtocolHandler ["http-nio-8080"]
2023-02-24 10:34:45,344 INFO [main] o.a.c.c.C.[.[.[/xxl-job-admin] [DirectJDKLog.java : 173] Initializing Spring DispatcherServlet 'dispatcherServlet'
2023-02-24 10:34:45,344 INFO [main] o.s.web.servlet.DispatcherServlet [FrameworkServlet.java : 525] Initializing Servlet 'dispatcherServlet'
2023-02-24 10:34:45,347 INFO [main] o.s.web.servlet.DispatcherServlet [FrameworkServlet.java : 547] Completed initialization in 1 ms
2023-02-24 10:34:45,349 INFO [main] o.s.b.w.e.tomcat.TomcatWebServer [TomcatWebServer.java : 220] Tomcat started on port(s): 8080 (http) with context path '/xxl-job-admin'
2023-02-24 10:34:45,385 INFO [main] c.x.job.admin.XxlJobAdminApplication [StartupInfoLogger.java : 61] Started XxlJobAdminApplication in 12.731 seconds (JVM running for 19.204)
2023-02-24 10:34:45,674 INFO [xxl-job, admin JobLosedMonitorHelper] com.zaxxer.hikari.HikariDataSource [HikariDataSource.java : 123] HikariCP - Start completed.
2023-02-24 10:34:48,001 INFO [xxl-job, admin JobScheduleHelper#scheduleThread] c.x.j.a.c.thread.JobScheduleHelper [JobScheduleHelper.java : 52] >>>>>>>>> init xxl-job admin scheduler success.
2023-02-24 10:34:49,255 WARN [xxl-job, admin JobScheduleHelper#scheduleThread] c.x.j.a.c.thread.JobScheduleHelper [JobScheduleHelper.java : 88] >>>>>>>>>>> xxl-job, schedule misfire, jobId = 2
2023-02-24 10:34:49,269 WARN [xxl-job, admin JobScheduleHelper#scheduleThread] c.x.j.a.c.thread.JobScheduleHelper [JobScheduleHelper.java : 88] >>>>>>>>>>> xxl-job, schedule misfire, jobId = 3
2023-02-24 10:36:50,001 WARN [xxl-job, admin JobFailMonitorHelper] com.zaxxer.hikari.pool.PoolBase [PoolBase.java : 184] HikariCP - Failed to validate connection com.mysql.cj.jdbc.ConnectionImpl@5a355f5d (Communications link failure

The last packet successfully received from the server was 11,013 milliseconds ago. The last packet sent successfully to the server was 11,279 milliseconds ago.). Possibly consider using a shorter maxLifetime value.
2023-02-24 10:36:50,010 WARN [xxl-job, admin JobScheduleHelper#scheduleThread] com.zaxxer.hikari.pool.PoolBase [PoolBase.java : 184] HikariCP - Failed to validate connection com.mysql.cj.jdbc.ConnectionImpl@22c85bf6 (Communications link failure

The last packet successfully received from the server was 2,477 milliseconds ago. The last packet sent successfully to the server was 2,516 milliseconds ago.). Possibly consider using a shorter maxLifetime value.
2023-02-24 10:36:51,017 WARN [xxl-job, admin JobScheduleHelper#scheduleThread] com.zaxxer.hikari.pool.PoolBase [PoolBase.java : 184] HikariCP - Failed to validate connection com.mysql.cj.jdbc.ConnectionImpl@6bcd1215 (Communications link failure

The last packet successfully received from the server was 119,612 milliseconds ago. The last packet sent successfully to the server was 119,700 milliseconds ago.). Possibly consider using a shorter maxLifetime value.
2023-02-24 10:36:51,017 WARN [xxl-job, admin JobFailMonitorHelper] com.zaxxer.hikari.pool.PoolBase [PoolBase.java : 184] HikariCP - Failed to validate connection com.mysql.cj.jdbc.ConnectionImpl@46567636 (Communications link failure

The last packet successfully received from the server was 6,866 milliseconds ago. The last packet sent successfully to the server was 7,017 milliseconds ago.). Possibly consider using a shorter maxLifetime value.
2023-02-24 10:36:51,374 WARN [xxl-job, admin JobRegistryMonitorHelper-registryMonitorThread] com.zaxxer.hikari.pool.PoolBase [PoolBase.java : 184] HikariCP - Failed to validate connection com.mysql.cj.jdbc.ConnectionImpl@3ab7fba6 (Communications link failure

The last packet successfully received from the server was 117,659 milliseconds ago. The last packet sent successfully to the server was 117,907 milliseconds ago.). Possibly consider using a shorter maxLifetime value.
2023-02-24 10:36:51,469 WARN [xxl-job, admin JobLogReportHelper] com.zaxxer.hikari.pool.PoolBase [PoolBase.java : 184] HikariCP - Failed to validate connection com.mysql.cj.jdbc.ConnectionImpl@11454bc9 (Communications link failure

The last packet successfully received from the server was 114,235 milliseconds ago. The last packet sent successfully to the server was 114,271 milliseconds ago.). Possibly consider using a shorter maxLifetime value.
2023-02-24 10:36:52,020 WARN [xxl-job, admin JobScheduleHelper#scheduleThread] com.zaxxer.hikari.pool.PoolBase [PoolBase.java : 184] HikariCP - Failed to validate connection com.mysql.cj.jdbc.ConnectionImpl@13a708f4 (Communications link failure

The last packet successfully received from the server was 113,661 milliseconds ago. The last packet sent successfully to the server was 114,003 milliseconds ago.). Possibly consider using a shorter maxLifetime value.
2023-02-24 10:36:52,020 WARN [xxl-job, admin JobFailMonitorHelper] com.zaxxer.hikari.pool.PoolBase [PoolBase.java : 184] HikariCP - Failed to validate connection com.mysql.cj.jdbc.ConnectionImpl@4ecc4e54 (Communications link failure

The last packet successfully received from the server was 112,973 milliseconds ago. The last packet sent successfully to the server was 113,046 milliseconds ago.). Possibly consider using a shorter maxLifetime value.
2023-02-24 10:36:59,464 ERROR [HikariCP connection adder] com.zaxxer.hikari.pool.HikariPool [HikariPool.java : 497] HikariCP - Error thrown while acquiring connection from data source
com.mysql.cj.jdbc.exceptions.CommunicationsException: Communications link failure

The last packet successfully received from the server was 1,000 milliseconds ago. The last packet sent successfully to the server was 1,000 milliseconds ago.
	at com.mysql.cj.jdbc.exceptions.SQLError.createCommunicationsException(SQLError.java:174)
	at com.mysql.cj.jdbc.exceptions.SQLExceptionsMapping.translateException(SQLExceptionsMapping.java:64)
	at com.mysql.cj.jdbc.ConnectionImpl.isReadOnly(ConnectionImpl.java:1419)
	at com.mysql.cj.jdbc.ConnectionImpl.isReadOnly(ConnectionImpl.java:1404)
	at com.zaxxer.hikari.pool.PoolBase.setupConnection(PoolBase.java:402)
	at com.zaxxer.hikari.pool.PoolBase.newConnection(PoolBase.java:363)
	at com.zaxxer.hikari.pool.PoolBase.newPoolEntry(PoolBase.java:206)
	at com.zaxxer.hikari.pool.HikariPool.createPoolEntry(HikariPool.java:477)
	at com.zaxxer.hikari.pool.HikariPool.access$100(HikariPool.java:71)
	at com.zaxxer.hikari.pool.HikariPool$PoolEntryCreator.call(HikariPool.java:725)
	at com.zaxxer.hikari.pool.HikariPool$PoolEntryCreator.call(HikariPool.java:711)
	at java.util.concurrent.FutureTask.run(FutureTask.java:266)
	at java.util.concurrent.ThreadPoolExecutor.runWorker(ThreadPoolExecutor.java:1142)
	at java.util.concurrent.ThreadPoolExecutor$Worker.run(ThreadPoolExecutor.java:617)
	at java.lang.Thread.run(Thread.java:748)
Caused by: com.mysql.cj.exceptions.CJCommunicationsException: Communications link failure

The last packet successfully received from the server was 1,000 milliseconds ago. The last packet sent successfully to the server was 1,000 milliseconds ago.
	at sun.reflect.NativeConstructorAccessorImpl.newInstance0(Native Method)
	at sun.reflect.NativeConstructorAccessorImpl.newInstance(NativeConstructorAccessorImpl.java:62)
	at sun.reflect.DelegatingConstructorAccessorImpl.newInstance(DelegatingConstructorAccessorImpl.java:45)
	at java.lang.reflect.Constructor.newInstance(Constructor.java:423)
	at com.mysql.cj.exceptions.ExceptionFactory.createException(ExceptionFactory.java:61)
	at com.mysql.cj.exceptions.ExceptionFactory.createException(ExceptionFactory.java:105)
	at com.mysql.cj.exceptions.ExceptionFactory.createException(ExceptionFactory.java:151)
	at com.mysql.cj.exceptions.ExceptionFactory.createCommunicationsException(ExceptionFactory.java:167)
	at com.mysql.cj.protocol.a.NativeProtocol.readMessage(NativeProtocol.java:546)
	at com.mysql.cj.protocol.a.NativeProtocol.checkErrorMessage(NativeProtocol.java:710)
	at com.mysql.cj.protocol.a.NativeProtocol.sendCommand(NativeProtocol.java:649)
	at com.mysql.cj.protocol.a.NativeProtocol.sendCommand(NativeProtocol.java:136)
	at com.mysql.cj.NativeSession.sendCommand(NativeSession.java:311)
	at com.mysql.cj.NativeSession.queryServerVariable(NativeSession.java:1008)
	at com.mysql.cj.jdbc.ConnectionImpl.isReadOnly(ConnectionImpl.java:1411)
	... 12 common frames omitted
Caused by: java.net.SocketTimeoutException: Read timed out
	at java.net.SocketInputStream.socketRead0(SocketInputStream.java)
	at java.net.SocketInputStream.socketRead(SocketInputStream.java:116)
	at java.net.SocketInputStream.read(SocketInputStream.java:171)
	at java.net.SocketInputStream.read(SocketInputStream.java:141)
	at sun.security.ssl.InputRecord.readFully(InputRecord.java:465)
	at sun.security.ssl.InputRecord.read(InputRecord.java:503)
	at sun.security.ssl.SSLSocketImpl.readRecord(SSLSocketImpl.java:973)
	at sun.security.ssl.SSLSocketImpl.readDataRecord(SSLSocketImpl.java:930)
	at sun.security.ssl.AppInputStream.read(AppInputStream.java:105)
	at java.io.FilterInputStream.read(FilterInputStream.java:133)
	at com.mysql.cj.protocol.FullReadInputStream.readFully(FullReadInputStream.java:64)
	at com.mysql.cj.protocol.a.SimplePacketReader.readHeader(SimplePacketReader.java:63)
	at com.mysql.cj.protocol.a.SimplePacketReader.readHeader(SimplePacketReader.java:45)
	at com.mysql.cj.protocol.a.TimeTrackingPacketReader.readHeader(TimeTrackingPacketReader.java:52)
	at com.mysql.cj.protocol.a.TimeTrackingPacketReader.readHeader(TimeTrackingPacketReader.java:41)
	at com.mysql.cj.protocol.a.MultiPacketReader.readHeader(MultiPacketReader.java:54)
	at com.mysql.cj.protocol.a.MultiPacketReader.readHeader(MultiPacketReader.java:44)
	at com.mysql.cj.protocol.a.NativeProtocol.readMessage(NativeProtocol.java:540)
	... 18 common frames omitted
2023-02-24 10:37:09,118 WARN [xxl-job, admin JobScheduleHelper#scheduleThread] com.zaxxer.hikari.pool.PoolBase [PoolBase.java : 184] HikariCP - Failed to validate connection com.mysql.cj.jdbc.ConnectionImpl@2e891e89 (Communications link failure

The last packet successfully received from the server was 6,014 milliseconds ago. The last packet sent successfully to the server was 6,124 milliseconds ago.). Possibly consider using a shorter maxLifetime value.
2023-02-24 10:37:14,101 WARN [xxl-job, admin JobFailMonitorHelper] com.zaxxer.hikari.pool.PoolBase [PoolBase.java : 184] HikariCP - Failed to validate connection com.mysql.cj.jdbc.ConnectionImpl@676ac758 (Communications link failure

The last packet successfully received from the server was 4,651 milliseconds ago. The last packet sent successfully to the server was 5,915 milliseconds ago.). Possibly consider using a shorter maxLifetime value.
2023-02-24 10:37:15,103 WARN [xxl-job, admin JobFailMonitorHelper] com.zaxxer.hikari.pool.PoolBase [PoolBase.java : 184] HikariCP - Failed to validate connection com.mysql.cj.jdbc.ConnectionImpl@7131b7c (Communications link failure

The last packet successfully received from the server was 4,739 milliseconds ago. The last packet sent successfully to the server was 4,785 milliseconds ago.). Possibly consider using a shorter maxLifetime value.
2023-02-24 10:37:16,000 WARN [xxl-job, admin JobScheduleHelper#scheduleThread] com.zaxxer.hikari.pool.PoolBase [PoolBase.java : 184] HikariCP - Failed to validate connection com.mysql.cj.jdbc.ConnectionImpl@1234dc69 (Communications link failure

The last packet successfully received from the server was 5,839 milliseconds ago. The last packet sent successfully to the server was 6,087 milliseconds ago.). Possibly consider using a shorter maxLifetime value.
2023-02-24 10:38:51,006 WARN [xxl-job, admin JobScheduleHelper#scheduleThread] com.zaxxer.hikari.pool.PoolBase [PoolBase.java : 184] HikariCP - Failed to validate connection com.mysql.cj.jdbc.ConnectionImpl@73df051c (Communications link failure

The last packet successfully received from the server was 5,661 milliseconds ago. The last packet sent successfully to the server was 5,730 milliseconds ago.). Possibly consider using a shorter maxLifetime value.
2023-02-24 10:38:51,131 WARN [xxl-job, admin JobFailMonitorHelper] com.zaxxer.hikari.pool.PoolBase [PoolBase.java : 184] HikariCP - Failed to validate connection com.mysql.cj.jdbc.ConnectionImpl@758951e6 (Communications link failure

The last packet successfully received from the server was 5,889 milliseconds ago. The last packet sent successfully to the server was 5,946 milliseconds ago.). Possibly consider using a shorter maxLifetime value.
2023-02-24 10:38:52,007 WARN [xxl-job, admin JobScheduleHelper#scheduleThread] com.zaxxer.hikari.pool.PoolBase [PoolBase.java : 184] HikariCP - Failed to validate connection com.mysql.cj.jdbc.ConnectionImpl@33cd8d70 (Communications link failure

The last packet successfully received from the server was 2,452 milliseconds ago. The last packet sent successfully to the server was 3,482 milliseconds ago.). Possibly consider using a shorter maxLifetime value.
2023-02-24 10:38:52,132 WARN [xxl-job, admin JobFailMonitorHelper] com.zaxxer.hikari.pool.PoolBase [PoolBase.java : 184] HikariCP - Failed to validate connection com.mysql.cj.jdbc.ConnectionImpl@6f16826 (Communications link failure

The last packet successfully received from the server was 95,013 milliseconds ago. The last packet sent successfully to the server was 95,313 milliseconds ago.). Possibly consider using a shorter maxLifetime value.
2023-02-24 10:38:55,059 WARN [xxl-job, admin JobScheduleHelper#scheduleThread] com.zaxxer.hikari.pool.PoolBase [PoolBase.java : 184] HikariCP - Failed to validate connection com.mysql.cj.jdbc.ConnectionImpl@cf41d62 (Communications link failure

The last packet successfully received from the server was 1,985 milliseconds ago. The last packet sent successfully to the server was 2,301 milliseconds ago.). Possibly consider using a shorter maxLifetime value.
2023-02-24 10:38:56,061 WARN [xxl-job, admin JobScheduleHelper#scheduleThread] com.zaxxer.hikari.pool.PoolBase [PoolBase.java : 184] HikariCP - Failed to validate connection com.mysql.cj.jdbc.ConnectionImpl@9b1c41f (Communications link failure

The last packet successfully received from the server was 88,539 milliseconds ago. The last packet sent successfully to the server was 88,702 milliseconds ago.). Possibly consider using a shorter maxLifetime value.
2023-02-24 10:38:56,117 WARN [xxl-job, admin JobLogReportHelper] com.zaxxer.hikari.pool.PoolBase [PoolBase.java : 184] HikariCP - Failed to validate connection com.mysql.cj.jdbc.ConnectionImpl@577ce62c (Communications link failure

The last packet successfully received from the server was 85,595 milliseconds ago. The last packet sent successfully to the server was 85,783 milliseconds ago.). Possibly consider using a shorter maxLifetime value.
2023-02-24 10:38:57,062 WARN [xxl-job, admin JobScheduleHelper#scheduleThread] com.zaxxer.hikari.pool.PoolBase [PoolBase.java : 184] HikariCP - Failed to validate connection com.mysql.cj.jdbc.ConnectionImpl@b545724 (Communications link failure

The last packet successfully received from the server was 85,333 milliseconds ago. The last packet sent successfully to the server was 85,402 milliseconds ago.). Possibly consider using a shorter maxLifetime value.
2023-02-24 10:38:57,126 WARN [xxl-job, admin JobLogReportHelper] com.zaxxer.hikari.pool.PoolBase [PoolBase.java : 184] HikariCP - Failed to validate connection com.mysql.cj.jdbc.ConnectionImpl@25d25dd5 (Communications link failure

The last packet successfully received from the server was 83,920 milliseconds ago. The last packet sent successfully to the server was 83,965 milliseconds ago.). Possibly consider using a shorter maxLifetime value.
2023-02-24 10:39:17,987 WARN [xxl-job, admin JobScheduleHelper#scheduleThread] com.zaxxer.hikari.pool.PoolBase [PoolBase.java : 184] HikariCP - Failed to validate connection com.mysql.cj.jdbc.ConnectionImpl@accaa4 (Communications link failure

The last packet successfully received from the server was 3,245 milliseconds ago. The last packet sent successfully to the server was 3,518 milliseconds ago.). Possibly consider using a shorter maxLifetime value.
2023-02-24 10:39:29,005 WARN [xxl-job, admin JobScheduleHelper#scheduleThread] com.zaxxer.hikari.pool.PoolBase [PoolBase.java : 184] HikariCP - Failed to validate connection com.mysql.cj.jdbc.ConnectionImpl@22f6b67d (Communications link failure

The last packet successfully received from the server was 5,007 milliseconds ago. The last packet sent successfully to the server was 5,051 milliseconds ago.). Possibly consider using a shorter maxLifetime value.
2023-02-24 10:39:37,080 WARN [xxl-job, admin JobScheduleHelper#scheduleThread] com.zaxxer.hikari.pool.PoolBase [PoolBase.java : 184] HikariCP - Failed to validate connection com.mysql.cj.jdbc.ConnectionImpl@5304bae2 (Communications link failure

The last packet successfully received from the server was 3,154 milliseconds ago. The last packet sent successfully to the server was 3,700 milliseconds ago.). Possibly consider using a shorter maxLifetime value.
2023-02-24 10:39:39,216 ERROR [HikariCP connection adder] com.zaxxer.hikari.pool.HikariPool [HikariPool.java : 497] HikariCP - Error thrown while acquiring connection from data source
com.mysql.cj.jdbc.exceptions.CommunicationsException: Communications link failure

The last packet successfully received from the server was 1,000 milliseconds ago. The last packet sent successfully to the server was 1,000 milliseconds ago.
	at com.mysql.cj.jdbc.exceptions.SQLError.createCommunicationsException(SQLError.java:174)
	at com.mysql.cj.jdbc.exceptions.SQLExceptionsMapping.translateException(SQLExceptionsMapping.java:64)
	at com.mysql.cj.jdbc.ConnectionImpl.isReadOnly(ConnectionImpl.java:1419)
	at com.mysql.cj.jdbc.ConnectionImpl.isReadOnly(ConnectionImpl.java:1404)
	at com.zaxxer.hikari.pool.PoolBase.setupConnection(PoolBase.java:402)
	at com.zaxxer.hikari.pool.PoolBase.newConnection(PoolBase.java:363)
	at com.zaxxer.hikari.pool.PoolBase.newPoolEntry(PoolBase.java:206)
	at com.zaxxer.hikari.pool.HikariPool.createPoolEntry(HikariPool.java:477)
	at com.zaxxer.hikari.pool.HikariPool.access$100(HikariPool.java:71)
	at com.zaxxer.hikari.pool.HikariPool$PoolEntryCreator.call(HikariPool.java:725)
	at com.zaxxer.hikari.pool.HikariPool$PoolEntryCreator.call(HikariPool.java:711)
	at java.util.concurrent.FutureTask.run(FutureTask.java:266)
	at java.util.concurrent.ThreadPoolExecutor.runWorker(ThreadPoolExecutor.java:1142)
	at java.util.concurrent.ThreadPoolExecutor$Worker.run(ThreadPoolExecutor.java:617)
	at java.lang.Thread.run(Thread.java:748)
Caused by: com.mysql.cj.exceptions.CJCommunicationsException: Communications link failure

The last packet successfully received from the server was 1,000 milliseconds ago. The last packet sent successfully to the server was 1,000 milliseconds ago.
	at sun.reflect.GeneratedConstructorAccessor67.newInstance(Unknown Source)
	at sun.reflect.DelegatingConstructorAccessorImpl.newInstance(DelegatingConstructorAccessorImpl.java:45)
	at java.lang.reflect.Constructor.newInstance(Constructor.java:423)
	at com.mysql.cj.exceptions.ExceptionFactory.createException(ExceptionFactory.java:61)
	at com.mysql.cj.exceptions.ExceptionFactory.createException(ExceptionFactory.java:105)
	at com.mysql.cj.exceptions.ExceptionFactory.createException(ExceptionFactory.java:151)
	at com.mysql.cj.exceptions.ExceptionFactory.createCommunicationsException(ExceptionFactory.java:167)
	at com.mysql.cj.protocol.a.NativeProtocol.readMessage(NativeProtocol.java:546)
	at com.mysql.cj.protocol.a.NativeProtocol.checkErrorMessage(NativeProtocol.java:710)
	at com.mysql.cj.protocol.a.NativeProtocol.sendCommand(NativeProtocol.java:649)
	at com.mysql.cj.protocol.a.NativeProtocol.sendCommand(NativeProtocol.java:136)
	at com.mysql.cj.NativeSession.sendCommand(NativeSession.java:311)
	at com.mysql.cj.NativeSession.queryServerVariable(NativeSession.java:1008)
	at com.mysql.cj.jdbc.ConnectionImpl.isReadOnly(ConnectionImpl.java:1411)
	... 12 common frames omitted
Caused by: java.net.SocketTimeoutException: Read timed out
	at java.net.SocketInputStream.socketRead0(SocketInputStream.java)
	at java.net.SocketInputStream.socketRead(SocketInputStream.java:116)
	at java.net.SocketInputStream.read(SocketInputStream.java:171)
	at java.net.SocketInputStream.read(SocketInputStream.java:141)
	at sun.security.ssl.InputRecord.readFully(InputRecord.java:465)
	at sun.security.ssl.InputRecord.read(InputRecord.java:503)
	at sun.security.ssl.SSLSocketImpl.readRecord(SSLSocketImpl.java:973)
	at sun.security.ssl.SSLSocketImpl.readDataRecord(SSLSocketImpl.java:930)
	at sun.security.ssl.AppInputStream.read(AppInputStream.java:105)
	at java.io.FilterInputStream.read(FilterInputStream.java:133)
	at com.mysql.cj.protocol.FullReadInputStream.readFully(FullReadInputStream.java:64)
	at com.mysql.cj.protocol.a.SimplePacketReader.readHeader(SimplePacketReader.java:63)
	at com.mysql.cj.protocol.a.SimplePacketReader.readHeader(SimplePacketReader.java:45)
	at com.mysql.cj.protocol.a.TimeTrackingPacketReader.readHeader(TimeTrackingPacketReader.java:52)
	at com.mysql.cj.protocol.a.TimeTrackingPacketReader.readHeader(TimeTrackingPacketReader.java:41)
	at com.mysql.cj.protocol.a.MultiPacketReader.readHeader(MultiPacketReader.java:54)
	at com.mysql.cj.protocol.a.MultiPacketReader.readHeader(MultiPacketReader.java:44)
	at com.mysql.cj.protocol.a.NativeProtocol.readMessage(NativeProtocol.java:540)
	... 18 common frames omitted
2023-02-24 10:39:40,430 WARN [xxl-job, admin JobRegistryMonitorHelper-registryOrRemoveThreadPool-1004132813] com.zaxxer.hikari.pool.PoolBase [PoolBase.java : 184] HikariCP - Failed to validate connection com.mysql.cj.jdbc.ConnectionImpl@39e15261 (Communications link failure

The last packet successfully received from the server was 2,138 milliseconds ago. The last packet sent successfully to the server was 2,738 milliseconds ago.). Possibly consider using a shorter maxLifetime value.
2023-02-24 10:39:41,433 WARN [xxl-job, admin JobRegistryMonitorHelper-registryOrRemoveThreadPool-1004132813] com.zaxxer.hikari.pool.PoolBase [PoolBase.java : 184] HikariCP - Failed to validate connection com.mysql.cj.jdbc.ConnectionImpl@5a3e15cd (Communications link failure

The last packet successfully received from the server was 5,966 milliseconds ago. The last packet sent successfully to the server was 6,616 milliseconds ago.). Possibly consider using a shorter maxLifetime value.
2023-02-24 10:39:54,013 WARN [xxl-job, admin JobScheduleHelper#scheduleThread] com.zaxxer.hikari.pool.PoolBase [PoolBase.java : 184] HikariCP - Failed to validate connection com.mysql.cj.jdbc.ConnectionImpl@3b78a588 (Communications link failure

The last packet successfully received from the server was 4,365 milliseconds ago. The last packet sent successfully to the server was 4,416 milliseconds ago.). Possibly consider using a shorter maxLifetime value.
2023-02-24 10:39:55,014 WARN [xxl-job, admin JobScheduleHelper#scheduleThread] com.zaxxer.hikari.pool.PoolBase [PoolBase.java : 184] HikariCP - Failed to validate connection com.mysql.cj.jdbc.ConnectionImpl@608b258f (Communications link failure

The last packet successfully received from the server was 6,741 milliseconds ago. The last packet sent successfully to the server was 6,874 milliseconds ago.). Possibly consider using a shorter maxLifetime value.
2023-02-24 10:40:32,485 WARN [xxl-job, admin JobScheduleHelper#scheduleThread] com.zaxxer.hikari.pool.PoolBase [PoolBase.java : 184] HikariCP - Failed to validate connection com.mysql.cj.jdbc.ConnectionImpl@6e77106c (Communications link failure

The last packet successfully received from the server was 6,848 milliseconds ago. The last packet sent successfully to the server was 7,093 milliseconds ago.). Possibly consider using a shorter maxLifetime value.
2023-02-24 10:41:26,936 WARN [xxl-job, admin JobScheduleHelper#scheduleThread] com.zaxxer.hikari.pool.PoolBase [PoolBase.java : 184] HikariCP - Failed to validate connection com.mysql.cj.jdbc.ConnectionImpl@16d9436f (Communications link failure

The last packet successfully received from the server was 2,260 milliseconds ago. The last packet sent successfully to the server was 2,534 milliseconds ago.). Possibly consider using a shorter maxLifetime value.
2023-02-24 10:41:27,937 WARN [xxl-job, admin JobScheduleHelper#scheduleThread] com.zaxxer.hikari.pool.PoolBase [PoolBase.java : 184] HikariCP - Failed to validate connection com.mysql.cj.jdbc.ConnectionImpl@4a9c9ae7 (Communications link failure

The last packet successfully received from the server was 6,899 milliseconds ago. The last packet sent successfully to the server was 7,517 milliseconds ago.). Possibly consider using a shorter maxLifetime value.
2023-02-24 10:41:28,940 WARN [xxl-job, admin JobScheduleHelper#scheduleThread] com.zaxxer.hikari.pool.PoolBase [PoolBase.java : 184] HikariCP - Failed to validate connection com.mysql.cj.jdbc.ConnectionImpl@43d5b662 (Communications link failure

The last packet successfully received from the server was 117,187 milliseconds ago. The last packet sent successfully to the server was 117,479 milliseconds ago.). Possibly consider using a shorter maxLifetime value.
2023-02-24 10:44:08,008 WARN [xxl-job, admin JobScheduleHelper#scheduleThread] com.zaxxer.hikari.pool.PoolBase [PoolBase.java : 184] HikariCP - Failed to validate connection com.mysql.cj.jdbc.ConnectionImpl@11f753ba (Communications link failure

The last packet successfully received from the server was 5,489 milliseconds ago. The last packet sent successfully to the server was 5,526 milliseconds ago.). Possibly consider using a shorter maxLifetime value.
2023-02-24 10:44:08,477 WARN [xxl-job, admin JobFailMonitorHelper] com.zaxxer.hikari.pool.PoolBase [PoolBase.java : 184] HikariCP - Failed to validate connection com.mysql.cj.jdbc.ConnectionImpl@632948dd (Communications link failure

The last packet successfully received from the server was 11,010 milliseconds ago. The last packet sent successfully to the server was 11,080 milliseconds ago.). Possibly consider using a shorter maxLifetime value.
2023-02-24 10:44:09,009 WARN [xxl-job, admin JobScheduleHelper#scheduleThread] com.zaxxer.hikari.pool.PoolBase [PoolBase.java : 184] HikariCP - Failed to validate connection com.mysql.cj.jdbc.ConnectionImpl@40474343 (Communications link failure

The last packet successfully received from the server was 6,592 milliseconds ago. The last packet sent successfully to the server was 6,680 milliseconds ago.). Possibly consider using a shorter maxLifetime value.
2023-02-24 10:44:27,064 WARN [xxl-job, admin JobScheduleHelper#scheduleThread] com.zaxxer.hikari.pool.PoolBase [PoolBase.java : 184] HikariCP - Failed to validate connection com.mysql.cj.jdbc.ConnectionImpl@6f0ea3fd (Communications link failure

The last packet successfully received from the server was 6,262 milliseconds ago. The last packet sent successfully to the server was 7,134 milliseconds ago.). Possibly consider using a shorter maxLifetime value.
2023-02-24 10:44:31,803 WARN [xxl-job, admin JobFailMonitorHelper] com.zaxxer.hikari.pool.PoolBase [PoolBase.java : 184] HikariCP - Failed to validate connection com.mysql.cj.jdbc.ConnectionImpl@28e8c7f8 (Communications link failure

The last packet successfully received from the server was 3,737 milliseconds ago. The last packet sent successfully to the server was 3,816 milliseconds ago.). Possibly consider using a shorter maxLifetime value.
2023-02-24 10:45:24,001 WARN [xxl-job, admin JobScheduleHelper#scheduleThread] com.zaxxer.hikari.pool.PoolBase [PoolBase.java : 184] HikariCP - Failed to validate connection com.mysql.cj.jdbc.ConnectionImpl@75302f48 (Communications link failure

The last packet successfully received from the server was 5,544 milliseconds ago. The last packet sent successfully to the server was 5,609 milliseconds ago.). Possibly consider using a shorter maxLifetime value.
2023-02-24 10:45:24,036 WARN [xxl-job, admin JobFailMonitorHelper] com.zaxxer.hikari.pool.PoolBase [PoolBase.java : 184] HikariCP - Failed to validate connection com.mysql.cj.jdbc.ConnectionImpl@713b4d31 (Communications link failure

The last packet successfully received from the server was 5,679 milliseconds ago. The last packet sent successfully to the server was 5,740 milliseconds ago.). Possibly consider using a shorter maxLifetime value.
2023-02-24 10:45:25,014 WARN [xxl-job, admin JobScheduleHelper#scheduleThread] com.zaxxer.hikari.pool.PoolBase [PoolBase.java : 184] HikariCP - Failed to validate connection com.mysql.cj.jdbc.ConnectionImpl@fa0d329 (Communications link failure

The last packet successfully received from the server was 15,260 milliseconds ago. The last packet sent successfully to the server was 15,311 milliseconds ago.). Possibly consider using a shorter maxLifetime value.
2023-02-24 10:45:25,046 WARN [xxl-job, admin JobFailMonitorHelper] com.zaxxer.hikari.pool.PoolBase [PoolBase.java : 184] HikariCP - Failed to validate connection com.mysql.cj.jdbc.ConnectionImpl@4bea4043 (Communications link failure

The last packet successfully received from the server was 245,844 milliseconds ago. The last packet sent successfully to the server was 245,961 milliseconds ago.). Possibly consider using a shorter maxLifetime value.
2023-02-24 10:45:26,016 WARN [xxl-job, admin JobScheduleHelper#scheduleThread] com.zaxxer.hikari.pool.PoolBase [PoolBase.java : 184] HikariCP - Failed to validate connection com.mysql.cj.jdbc.ConnectionImpl@3b713a08 (Communications link failure

The last packet successfully received from the server was 236,260 milliseconds ago. The last packet sent successfully to the server was 236,324 milliseconds ago.). Possibly consider using a shorter maxLifetime value.
2023-02-24 10:45:26,054 WARN [xxl-job, admin JobFailMonitorHelper] com.zaxxer.hikari.pool.PoolBase [PoolBase.java : 184] HikariCP - Failed to validate connection com.mysql.cj.jdbc.ConnectionImpl@7a26ec28 (Communications link failure

The last packet successfully received from the server was 99,035 milliseconds ago. The last packet sent successfully to the server was 99,192 milliseconds ago.). Possibly consider using a shorter maxLifetime value.
2023-02-24 10:45:27,017 WARN [xxl-job, admin JobScheduleHelper#scheduleThread] com.zaxxer.hikari.pool.PoolBase [PoolBase.java : 184] HikariCP - Failed to validate connection com.mysql.cj.jdbc.ConnectionImpl@4f4f0841 (Communications link failure

The last packet successfully received from the server was 72,456 milliseconds ago. The last packet sent successfully to the server was 73,028 milliseconds ago.). Possibly consider using a shorter maxLifetime value.
2023-02-24 10:45:27,056 WARN [xxl-job, admin JobFailMonitorHelper] com.zaxxer.hikari.pool.PoolBase [PoolBase.java : 184] HikariCP - Failed to validate connection com.mysql.cj.jdbc.ConnectionImpl@4e006e14 (Communications link failure

The last packet successfully received from the server was 71,538 milliseconds ago. The last packet sent successfully to the server was 71,854 milliseconds ago.). Possibly consider using a shorter maxLifetime value.
2023-02-24 10:45:28,020 WARN [xxl-job, admin JobScheduleHelper#scheduleThread] com.zaxxer.hikari.pool.PoolBase [PoolBase.java : 184] HikariCP - Failed to validate connection com.mysql.cj.jdbc.ConnectionImpl@7d318cc3 (Communications link failure

The last packet successfully received from the server was 59,127 milliseconds ago. The last packet sent successfully to the server was 59,173 milliseconds ago.). Possibly consider using a shorter maxLifetime value.
2023-02-24 10:45:32,786 WARN [xxl-job, admin JobScheduleHelper#scheduleThread] com.zaxxer.hikari.pool.PoolBase [PoolBase.java : 184] HikariCP - Failed to validate connection com.mysql.cj.jdbc.ConnectionImpl@7128e1b6 (Communications link failure

The last packet successfully received from the server was 3,364 milliseconds ago. The last packet sent successfully to the server was 3,426 milliseconds ago.). Possibly consider using a shorter maxLifetime value.
2023-02-24 10:58:07,912 WARN [xxl-job, admin JobScheduleHelper#scheduleThread] com.zaxxer.hikari.pool.PoolBase [PoolBase.java : 184] HikariCP - Failed to validate connection com.mysql.cj.jdbc.ConnectionImpl@22ebe00c (Communications link failure

The last packet successfully received from the server was 3,076 milliseconds ago. The last packet sent successfully to the server was 3,499 milliseconds ago.). Possibly consider using a shorter maxLifetime value.
2023-02-24 11:00:27,176 WARN [xxl-job, admin JobScheduleHelper#scheduleThread] com.zaxxer.hikari.pool.PoolBase [PoolBase.java : 184] HikariCP - Failed to validate connection com.mysql.cj.jdbc.ConnectionImpl@48390ebd (Communications link failure

The last packet successfully received from the server was 887,814 milliseconds ago. The last packet sent successfully to the server was 887,886 milliseconds ago.). Possibly consider using a shorter maxLifetime value.
2023-02-24 11:00:27,748 WARN [xxl-job, admin JobFailMonitorHelper] com.zaxxer.hikari.pool.PoolBase [PoolBase.java : 184] HikariCP - Failed to validate connection com.mysql.cj.jdbc.ConnectionImpl@5ac7726f (Communications link failure

The last packet successfully received from the server was 887,174 milliseconds ago. The last packet sent successfully to the server was 887,236 milliseconds ago.). Possibly consider using a shorter maxLifetime value.
2023-02-24 11:00:28,179 WARN [xxl-job, admin JobScheduleHelper#scheduleThread] com.zaxxer.hikari.pool.PoolBase [PoolBase.java : 184] HikariCP - Failed to validate connection com.mysql.cj.jdbc.ConnectionImpl@70abdd8a (Communications link failure

The last packet successfully received from the server was 885,124 milliseconds ago. The last packet sent successfully to the server was 885,306 milliseconds ago.). Possibly consider using a shorter maxLifetime value.
2023-02-24 11:00:28,749 WARN [xxl-job, admin JobFailMonitorHelper] com.zaxxer.hikari.pool.PoolBase [PoolBase.java : 184] HikariCP - Failed to validate connection com.mysql.cj.jdbc.ConnectionImpl@20f5ff44 (Communications link failure

The last packet successfully received from the server was 883,622 milliseconds ago. The last packet sent successfully to the server was 883,740 milliseconds ago.). Possibly consider using a shorter maxLifetime value.
2023-02-24 11:04:08,766 WARN [xxl-job, admin JobScheduleHelper#scheduleThread] com.zaxxer.hikari.pool.PoolBase [PoolBase.java : 184] HikariCP - Failed to validate connection com.mysql.cj.jdbc.ConnectionImpl@438f63e4 (Communications link failure

The last packet successfully received from the server was 6,160 milliseconds ago. The last packet sent successfully to the server was 6,238 milliseconds ago.). Possibly consider using a shorter maxLifetime value.
2023-02-24 11:11:11,201 WARN [xxl-job, admin JobRegistryMonitorHelper-registryOrRemoveThreadPool-1004132813] com.zaxxer.hikari.pool.PoolBase [PoolBase.java : 184] HikariCP - Failed to validate connection com.mysql.cj.jdbc.ConnectionImpl@4469b64d (Communications link failure

The last packet successfully received from the server was 645,340 milliseconds ago. The last packet sent successfully to the server was 645,438 milliseconds ago.). Possibly consider using a shorter maxLifetime value.
2023-02-24 11:11:42,018 WARN [xxl-job, admin JobScheduleHelper#scheduleThread] com.zaxxer.hikari.pool.PoolBase [PoolBase.java : 184] HikariCP - Failed to validate connection com.mysql.cj.jdbc.ConnectionImpl@977c02a (Communications link failure

The last packet successfully received from the server was 674,049 milliseconds ago. The last packet sent successfully to the server was 674,113 milliseconds ago.). Possibly consider using a shorter maxLifetime value.
2023-02-24 11:12:43,192 WARN [xxl-job, admin JobScheduleHelper#scheduleThread] com.zaxxer.hikari.pool.PoolBase [PoolBase.java : 184] HikariCP - Failed to validate connection com.mysql.cj.jdbc.ConnectionImpl@d96c66d (Communications link failure

The last packet successfully received from the server was 734,350 milliseconds ago. The last packet sent successfully to the server was 734,396 milliseconds ago.). Possibly consider using a shorter maxLifetime value.
2023-02-24 11:12:59,166 WARN [xxl-job, admin JobScheduleHelper#scheduleThread] com.zaxxer.hikari.pool.PoolBase [PoolBase.java : 184] HikariCP - Failed to validate connection com.mysql.cj.jdbc.ConnectionImpl@22946005 (Communications link failure

The last packet successfully received from the server was 749,504 milliseconds ago. The last packet sent successfully to the server was 749,544 milliseconds ago.). Possibly consider using a shorter maxLifetime value.
2023-02-24 11:13:00,184 WARN [xxl-job, admin JobScheduleHelper#scheduleThread] com.zaxxer.hikari.pool.PoolBase [PoolBase.java : 184] HikariCP - Failed to validate connection com.mysql.cj.jdbc.ConnectionImpl@5b6d25a6 (Communications link failure

The last packet successfully received from the server was 749,439 milliseconds ago. The last packet sent successfully to the server was 749,510 milliseconds ago.). Possibly consider using a shorter maxLifetime value.
2023-02-24 11:13:01,188 WARN [xxl-job, admin JobScheduleHelper#scheduleThread] com.zaxxer.hikari.pool.PoolBase [PoolBase.java : 184] HikariCP - Failed to validate connection com.mysql.cj.jdbc.ConnectionImpl@d243624 (Communications link failure

The last packet successfully received from the server was 748,195 milliseconds ago. The last packet sent successfully to the server was 748,278 milliseconds ago.). Possibly consider using a shorter maxLifetime value.
2023-02-24 11:13:44,080 WARN [xxl-job, admin JobFailMonitorHelper] com.zaxxer.hikari.pool.PoolBase [PoolBase.java : 184] HikariCP - Failed to validate connection com.mysql.cj.jdbc.ConnectionImpl@4e4b1421 (Communications link failure

The last packet successfully received from the server was 11,013 milliseconds ago. The last packet sent successfully to the server was 11,116 milliseconds ago.). Possibly consider using a shorter maxLifetime value.
2023-02-24 11:13:45,017 WARN [xxl-job, admin JobScheduleHelper#scheduleThread] com.zaxxer.hikari.pool.PoolBase [PoolBase.java : 184] HikariCP - Failed to validate connection com.mysql.cj.jdbc.ConnectionImpl@15c25f93 (Communications link failure

The last packet successfully received from the server was 5,697 milliseconds ago. The last packet sent successfully to the server was 5,767 milliseconds ago.). Possibly consider using a shorter maxLifetime value.
2023-02-24 11:13:45,093 WARN [xxl-job, admin JobFailMonitorHelper] com.zaxxer.hikari.pool.PoolBase [PoolBase.java : 184] HikariCP - Failed to validate connection com.mysql.cj.jdbc.ConnectionImpl@26ec7b3c (Communications link failure

The last packet successfully received from the server was 147,763 milliseconds ago. The last packet sent successfully to the server was 147,910 milliseconds ago.). Possibly consider using a shorter maxLifetime value.
2023-02-24 11:19:38,355 WARN [xxl-job, admin JobScheduleHelper#scheduleThread] com.zaxxer.hikari.pool.PoolBase [PoolBase.java : 184] HikariCP - Failed to validate connection com.mysql.cj.jdbc.ConnectionImpl@40769d32 (Communications link failure

The last packet successfully received from the server was 1,724 milliseconds ago. The last packet sent successfully to the server was 3,045 milliseconds ago.). Possibly consider using a shorter maxLifetime value.
2023-02-24 11:19:39,358 WARN [xxl-job, admin JobScheduleHelper#scheduleThread] com.zaxxer.hikari.pool.PoolBase [PoolBase.java : 184] HikariCP - Failed to validate connection com.mysql.cj.jdbc.ConnectionImpl@4991667c (Communications link failure

The last packet successfully received from the server was 4,256 milliseconds ago. The last packet sent successfully to the server was 4,577 milliseconds ago.). Possibly consider using a shorter maxLifetime value.
2023-02-24 11:19:40,362 WARN [xxl-job, admin JobScheduleHelper#scheduleThread] com.zaxxer.hikari.pool.PoolBase [PoolBase.java : 184] HikariCP - Failed to validate connection com.mysql.cj.jdbc.ConnectionImpl@107a3826 (Communications link failure

The last packet successfully received from the server was 399,928 milliseconds ago. The last packet sent successfully to the server was 399,962 milliseconds ago.). Possibly consider using a shorter maxLifetime value.
2023-02-24 11:20:08,568 WARN [xxl-job, admin JobScheduleHelper#scheduleThread] com.zaxxer.hikari.pool.PoolBase [PoolBase.java : 184] HikariCP - Failed to validate connection com.mysql.cj.jdbc.ConnectionImpl@44a17219 (Communications link failure

The last packet successfully received from the server was 1,730 milliseconds ago. The last packet sent successfully to the server was 3,181 milliseconds ago.). Possibly consider using a shorter maxLifetime value.
2023-02-24 11:28:01,976 WARN [xxl-job, admin JobLogReportHelper] com.zaxxer.hikari.pool.PoolBase [PoolBase.java : 184] HikariCP - Failed to validate connection com.mysql.cj.jdbc.ConnectionImpl@6d83546f (Communications link failure

The last packet successfully received from the server was 852,889 milliseconds ago. The last packet sent successfully to the server was 852,927 milliseconds ago.). Possibly consider using a shorter maxLifetime value.
2023-02-24 11:28:02,021 WARN [xxl-job, admin JobLosedMonitorHelper] com.zaxxer.hikari.pool.PoolBase [PoolBase.java : 184] HikariCP - Failed to validate connection com.mysql.cj.jdbc.ConnectionImpl@77f594fd (Communications link failure

The last packet successfully received from the server was 704,973 milliseconds ago. The last packet sent successfully to the server was 705,012 milliseconds ago.). Possibly consider using a shorter maxLifetime value.
2023-02-24 11:31:59,176 WARN [xxl-job, admin JobScheduleHelper#scheduleThread] com.zaxxer.hikari.pool.PoolBase [PoolBase.java : 184] HikariCP - Failed to validate connection com.mysql.cj.jdbc.ConnectionImpl@6ee45894 (Communications link failure

The last packet successfully received from the server was 2,952 milliseconds ago. The last packet sent successfully to the server was 3,470 milliseconds ago.). Possibly consider using a shorter maxLifetime value.
2023-02-24 11:32:00,179 WARN [xxl-job, admin JobScheduleHelper#scheduleThread] com.zaxxer.hikari.pool.PoolBase [PoolBase.java : 184] HikariCP - Failed to validate connection com.mysql.cj.jdbc.ConnectionImpl@2f2dc2a3 (Communications link failure

The last packet successfully received from the server was 19,269 milliseconds ago. The last packet sent successfully to the server was 19,395 milliseconds ago.). Possibly consider using a shorter maxLifetime value.
2023-02-24 11:32:01,184 WARN [xxl-job, admin JobScheduleHelper#scheduleThread] com.zaxxer.hikari.pool.PoolBase [PoolBase.java : 184] HikariCP - Failed to validate connection com.mysql.cj.jdbc.ConnectionImpl@4ed9555c (Communications link failure

The last packet successfully received from the server was 4,919 milliseconds ago. The last packet sent successfully to the server was 4,960 milliseconds ago.). Possibly consider using a shorter maxLifetime value.
2023-02-24 11:32:02,190 WARN [xxl-job, admin JobScheduleHelper#scheduleThread] com.zaxxer.hikari.pool.PoolBase [PoolBase.java : 184] HikariCP - Failed to validate connection com.mysql.cj.jdbc.ConnectionImpl@2b594eb (Communications link failure

The last packet successfully received from the server was 59,678 milliseconds ago. The last packet sent successfully to the server was 59,732 milliseconds ago.). Possibly consider using a shorter maxLifetime value.
2023-02-24 11:33:33,665 WARN [xxl-job, admin JobScheduleHelper#scheduleThread] com.zaxxer.hikari.pool.PoolBase [PoolBase.java : 184] HikariCP - Failed to validate connection com.mysql.cj.jdbc.ConnectionImpl@442bbc (Communications link failure

The last packet successfully received from the server was 2,015 milliseconds ago. The last packet sent successfully to the server was 2,488 milliseconds ago.). Possibly consider using a shorter maxLifetime value.
2023-02-24 11:33:34,666 WARN [xxl-job, admin JobScheduleHelper#scheduleThread] com.zaxxer.hikari.pool.PoolBase [PoolBase.java : 184] HikariCP - Failed to validate connection com.mysql.cj.jdbc.ConnectionImpl@4cccbcb6 (Communications link failure

The last packet successfully received from the server was 23,460 milliseconds ago. The last packet sent successfully to the server was 23,544 milliseconds ago.). Possibly consider using a shorter maxLifetime value.
2023-02-24 11:33:44,010 WARN [xxl-job, admin JobScheduleHelper#scheduleThread] com.zaxxer.hikari.pool.PoolBase [PoolBase.java : 184] HikariCP - Failed to validate connection com.mysql.cj.jdbc.ConnectionImpl@303e5e51 (Communications link failure

The last packet successfully received from the server was 2,388 milliseconds ago. The last packet sent successfully to the server was 3,114 milliseconds ago.). Possibly consider using a shorter maxLifetime value.
2023-02-24 11:33:45,017 WARN [xxl-job, admin JobScheduleHelper#scheduleThread] com.zaxxer.hikari.pool.PoolBase [PoolBase.java : 184] HikariCP - Failed to validate connection com.mysql.cj.jdbc.ConnectionImpl@13a1b134 (Communications link failure

The last packet successfully received from the server was 7,029 milliseconds ago. The last packet sent successfully to the server was 7,320 milliseconds ago.). Possibly consider using a shorter maxLifetime value.
2023-02-24 11:33:46,017 WARN [xxl-job, admin JobScheduleHelper#scheduleThread] com.zaxxer.hikari.pool.PoolBase [PoolBase.java : 184] HikariCP - Failed to validate connection com.mysql.cj.jdbc.ConnectionImpl@608cfb34 (Communications link failure

The last packet successfully received from the server was 7,660 milliseconds ago. The last packet sent successfully to the server was 7,821 milliseconds ago.). Possibly consider using a shorter maxLifetime value.
2023-02-24 11:33:47,019 WARN [xxl-job, admin JobScheduleHelper#scheduleThread] com.zaxxer.hikari.pool.PoolBase [PoolBase.java : 184] HikariCP - Failed to validate connection com.mysql.cj.jdbc.ConnectionImpl@2282fda2 (Communications link failure

The last packet successfully received from the server was 209,822 milliseconds ago. The last packet sent successfully to the server was 209,875 milliseconds ago.). Possibly consider using a shorter maxLifetime value.
2023-02-24 11:33:48,023 WARN [xxl-job, admin JobScheduleHelper#scheduleThread] com.zaxxer.hikari.pool.PoolBase [PoolBase.java : 184] HikariCP - Failed to validate connection com.mysql.cj.jdbc.ConnectionImpl@1f1a7e03 (Communications link failure

The last packet successfully received from the server was 104,610 milliseconds ago. The last packet sent successfully to the server was 104,651 milliseconds ago.). Possibly consider using a shorter maxLifetime value.
2023-02-24 11:33:49,025 WARN [xxl-job, admin JobScheduleHelper#scheduleThread] com.zaxxer.hikari.pool.PoolBase [PoolBase.java : 184] HikariCP - Failed to validate connection com.mysql.cj.jdbc.ConnectionImpl@12c54c5 (Communications link failure

The last packet successfully received from the server was 105,003 milliseconds ago. The last packet sent successfully to the server was 105,040 milliseconds ago.). Possibly consider using a shorter maxLifetime value.
2023-02-24 11:33:49,603 WARN [xxl-job, admin JobFailMonitorHelper] com.zaxxer.hikari.pool.PoolBase [PoolBase.java : 184] HikariCP - Failed to validate connection com.mysql.cj.jdbc.ConnectionImpl@4a9e7903 (Communications link failure

The last packet successfully received from the server was 104,889 milliseconds ago. The last packet sent successfully to the server was 104,950 milliseconds ago.). Possibly consider using a shorter maxLifetime value.
2023-02-24 11:33:50,027 WARN [xxl-job, admin JobScheduleHelper#scheduleThread] com.zaxxer.hikari.pool.PoolBase [PoolBase.java : 184] HikariCP - Failed to validate connection com.mysql.cj.jdbc.ConnectionImpl@6fe4a8f (Communications link failure

The last packet successfully received from the server was 91,273 milliseconds ago. The last packet sent successfully to the server was 91,340 milliseconds ago.). Possibly consider using a shorter maxLifetime value.
2023-02-24 11:33:50,607 WARN [xxl-job, admin JobFailMonitorHelper] com.zaxxer.hikari.pool.PoolBase [PoolBase.java : 184] HikariCP - Failed to validate connection com.mysql.cj.jdbc.ConnectionImpl@362e9d54 (Communications link failure

The last packet successfully received from the server was 13,395 milliseconds ago. The last packet sent successfully to the server was 14,052 milliseconds ago.). Possibly consider using a shorter maxLifetime value.
2023-02-24 11:33:51,027 WARN [xxl-job, admin JobScheduleHelper#scheduleThread] com.zaxxer.hikari.pool.PoolBase [PoolBase.java : 184] HikariCP - Failed to validate connection com.mysql.cj.jdbc.ConnectionImpl@33a4c81f (Communications link failure

The last packet successfully received from the server was 11,189 milliseconds ago. The last packet sent successfully to the server was 12,065 milliseconds ago.). Possibly consider using a shorter maxLifetime value.
2023-02-24 11:33:53,003 ERROR [xxl-job, admin JobScheduleHelper#scheduleThread] c.x.j.a.c.thread.JobScheduleHelper [JobScheduleHelper.java : 155] >>>>>>>>>>> xxl-job, JobScheduleHelper#scheduleThread error:{}
java.sql.SQLTransientConnectionException: HikariCP - Connection is not available, request timed out after 10002ms.
	at com.zaxxer.hikari.pool.HikariPool.createTimeoutException(HikariPool.java:695)
	at com.zaxxer.hikari.pool.HikariPool.getConnection(HikariPool.java:197)
	at com.zaxxer.hikari.pool.HikariPool.getConnection(HikariPool.java:162)
	at com.zaxxer.hikari.HikariDataSource.getConnection(HikariDataSource.java:128)
	at com.xxl.job.admin.core.thread.JobScheduleHelper$1.run(JobScheduleHelper.java:69)
	at java.lang.Thread.run(Thread.java:748)
Caused by: com.mysql.cj.jdbc.exceptions.CommunicationsException: Communications link failure

The last packet successfully received from the server was 11,189 milliseconds ago. The last packet sent successfully to the server was 12,065 milliseconds ago.
	at com.mysql.cj.jdbc.exceptions.SQLError.createCommunicationsException(SQLError.java:174)
	at com.mysql.cj.jdbc.exceptions.SQLExceptionsMapping.translateException(SQLExceptionsMapping.java:64)
	at com.mysql.cj.jdbc.StatementImpl.executeInternal(StatementImpl.java:762)
	at com.mysql.cj.jdbc.StatementImpl.execute(StatementImpl.java:646)
	at com.zaxxer.hikari.pool.PoolBase.isConnectionAlive(PoolBase.java:169)
	at com.zaxxer.hikari.pool.HikariPool.getConnection(HikariPool.java:186)
	... 4 common frames omitted
Caused by: com.mysql.cj.exceptions.CJCommunicationsException: Communications link failure

The last packet successfully received from the server was 11,189 milliseconds ago. The last packet sent successfully to the server was 12,065 milliseconds ago.
	at sun.reflect.GeneratedConstructorAccessor67.newInstance(Unknown Source)
	at sun.reflect.DelegatingConstructorAccessorImpl.newInstance(DelegatingConstructorAccessorImpl.java:45)
	at java.lang.reflect.Constructor.newInstance(Constructor.java:423)
	at com.mysql.cj.exceptions.ExceptionFactory.createException(ExceptionFactory.java:61)
	at com.mysql.cj.exceptions.ExceptionFactory.createException(ExceptionFactory.java:105)
	at com.mysql.cj.exceptions.ExceptionFactory.createException(ExceptionFactory.java:151)
	at com.mysql.cj.exceptions.ExceptionFactory.createCommunicationsException(ExceptionFactory.java:167)
	at com.mysql.cj.protocol.a.NativeProtocol.readMessage(NativeProtocol.java:546)
	at com.mysql.cj.protocol.a.NativeProtocol.checkErrorMessage(NativeProtocol.java:710)
	at com.mysql.cj.protocol.a.NativeProtocol.sendCommand(NativeProtocol.java:649)
	at com.mysql.cj.protocol.a.NativeProtocol.sendQueryPacket(NativeProtocol.java:948)
	at com.mysql.cj.protocol.a.NativeProtocol.sendQueryString(NativeProtocol.java:894)
	at com.mysql.cj.NativeSession.execSQL(NativeSession.java:1073)
	at com.mysql.cj.jdbc.StatementImpl.executeInternal(StatementImpl.java:722)
	... 7 common frames omitted
Caused by: java.net.SocketTimeoutException: Read timed out
	at java.net.SocketInputStream.socketRead0(SocketInputStream.java)
	at java.net.SocketInputStream.socketRead(SocketInputStream.java:116)
	at java.net.SocketInputStream.read(SocketInputStream.java:171)
	at java.net.SocketInputStream.read(SocketInputStream.java:141)
	at sun.security.ssl.InputRecord.readFully(InputRecord.java:465)
	at sun.security.ssl.InputRecord.read(InputRecord.java:503)
	at sun.security.ssl.SSLSocketImpl.readRecord(SSLSocketImpl.java:973)
	at sun.security.ssl.SSLSocketImpl.readDataRecord(SSLSocketImpl.java:930)
	at sun.security.ssl.AppInputStream.read(AppInputStream.java:105)
	at java.io.FilterInputStream.read(FilterInputStream.java:133)
	at com.mysql.cj.protocol.FullReadInputStream.readFully(FullReadInputStream.java:64)
	at com.mysql.cj.protocol.a.SimplePacketReader.readHeader(SimplePacketReader.java:63)
	at com.mysql.cj.protocol.a.SimplePacketReader.readHeader(SimplePacketReader.java:45)
	at com.mysql.cj.protocol.a.TimeTrackingPacketReader.readHeader(TimeTrackingPacketReader.java:52)
	at com.mysql.cj.protocol.a.TimeTrackingPacketReader.readHeader(TimeTrackingPacketReader.java:41)
	at com.mysql.cj.protocol.a.MultiPacketReader.readHeader(MultiPacketReader.java:54)
	at com.mysql.cj.protocol.a.MultiPacketReader.readHeader(MultiPacketReader.java:44)
	at com.mysql.cj.protocol.a.NativeProtocol.readMessage(NativeProtocol.java:540)
	... 13 common frames omitted
2023-02-24 11:39:31,394 WARN [xxl-job, admin JobFailMonitorHelper] com.zaxxer.hikari.pool.PoolBase [PoolBase.java : 184] HikariCP - Failed to validate connection com.mysql.cj.jdbc.ConnectionImpl@43375568 (Communications link failure

The last packet successfully received from the server was 11,019 milliseconds ago. The last packet sent successfully to the server was 11,423 milliseconds ago.). Possibly consider using a shorter maxLifetime value.
2023-02-24 11:41:23,506 INFO [SpringContextShutdownHook] o.s.s.c.ThreadPoolTaskExecutor [ExecutorConfigurationSupport.java : 218] Shutting down ExecutorService 'applicationTaskExecutor'
2023-02-24 11:41:24,508 INFO [xxl-job, admin JobScheduleHelper#scheduleThread] c.x.j.a.c.thread.JobScheduleHelper [JobScheduleHelper.java : 212] >>>>>>>>>>> xxl-job, JobScheduleHelper#scheduleThread stop
2023-02-24 11:41:25,005 INFO [xxl-job, admin JobScheduleHelper#ringThread] c.x.j.a.c.thread.JobScheduleHelper [JobScheduleHelper.java : 264] >>>>>>>>>>> xxl-job, JobScheduleHelper#ringThread stop
2023-02-24 11:41:25,516 INFO [SpringContextShutdownHook] c.x.j.a.c.thread.JobScheduleHelper [JobScheduleHelper.java : 353] >>>>>>>>>>> xxl-job, JobScheduleHelper stop
2023-02-24 11:41:25,516 INFO [xxl-job, admin JobLogReportHelper] c.x.j.a.c.thread.JobLogReportHelper [JobLogReportHelper.java : 132] >>>>>>>>>>> xxl-job, job log report thread stop
2023-02-24 11:41:25,518 INFO [xxl-job, admin JobLosedMonitorHelper] c.x.j.a.c.thread.JobCompleteHelper [JobCompleteHelper.java : 111] >>>>>>>>>>> xxl-job, JobLosedMonitorHelper stop
2023-02-24 11:41:25,519 INFO [xxl-job, admin JobFailMonitorHelper] c.x.j.a.c.t.JobFailMonitorHelper [JobFailMonitorHelper.java : 90] >>>>>>>>>>> xxl-job, job fail monitor thread stop
2023-02-24 11:41:25,519 INFO [xxl-job, admin JobRegistryMonitorHelper-registryMonitorThread] c.x.j.a.c.thread.JobRegistryHelper [JobRegistryHelper.java : 123] >>>>>>>>>>> xxl-job, job registry monitor thread stop
2023-02-24 11:41:25,520 INFO [SpringContextShutdownHook] c.x.j.a.c.t.JobTriggerPoolHelper [JobTriggerPoolHelper.java : 60] >>>>>>>>> xxl-job trigger thread pool shutdown success.
2023-02-24 11:41:25,523 INFO [SpringContextShutdownHook] com.zaxxer.hikari.HikariDataSource [HikariDataSource.java : 350] HikariCP - Shutdown initiated...
2023-02-24 11:41:25,553 INFO [SpringContextShutdownHook] com.zaxxer.hikari.HikariDataSource [HikariDataSource.java : 352] HikariCP - Shutdown completed.
2023-02-24 14:11:28,239 INFO [main] c.x.job.admin.XxlJobAdminApplication [StartupInfoLogger.java : 55] Starting XxlJobAdminApplication using Java 1.8.0_131 on qingfeng_java with PID 24968 (D:\IDEA版java相关知识学习\web项目开发\基于SpringBoot的攀枝花学院第二课堂素质拓展学分管理系统\微服务架构版\后端\currency_authority\currency_xxl_job\xxl-job-admin\target\classes started by 25627 in D:\IDEA版java相关知识学习\web项目开发\基于SpringBoot的攀枝花学院第二课堂素质拓展学分管理系统\微服务架构版\后端\currency_authority)
2023-02-24 14:11:28,246 INFO [main] c.x.job.admin.XxlJobAdminApplication [SpringApplication.java : 660] No active profile set, falling back to default profiles: default
2023-02-24 14:11:31,674 INFO [main] o.s.b.w.e.tomcat.TomcatWebServer [TomcatWebServer.java : 108] Tomcat initialized with port(s): 8080 (http)
2023-02-24 14:11:31,718 INFO [main] o.a.coyote.http11.Http11NioProtocol [DirectJDKLog.java : 173] Initializing ProtocolHandler ["http-nio-8080"]
2023-02-24 14:11:31,719 INFO [main] o.a.catalina.core.StandardService [DirectJDKLog.java : 173] Starting service [Tomcat]
2023-02-24 14:11:31,719 INFO [main] o.a.catalina.core.StandardEngine [DirectJDKLog.java : 173] Starting Servlet engine: [Apache Tomcat/9.0.41]
2023-02-24 14:11:31,918 INFO [main] o.a.c.c.C.[.[.[/xxl-job-admin] [DirectJDKLog.java : 173] Initializing Spring embedded WebApplicationContext
2023-02-24 14:11:31,918 INFO [main] o.s.b.w.s.c.ServletWebServerApplicationContext [ServletWebServerApplicationContext.java : 289] Root WebApplicationContext: initialization completed in 2815 ms
2023-02-24 14:11:33,452 INFO [main] c.x.j.a.c.scheduler.XxlJobScheduler [XxlJobScheduler.java : 45] >>>>>>>>> init xxl-job admin success.
2023-02-24 14:11:33,468 INFO [xxl-job, admin JobLogReportHelper] com.zaxxer.hikari.HikariDataSource [HikariDataSource.java : 110] HikariCP - Starting...
2023-02-24 14:11:33,634 INFO [main] o.s.s.c.ThreadPoolTaskExecutor [ExecutorConfigurationSupport.java : 181] Initializing ExecutorService 'applicationTaskExecutor'
2023-02-24 14:11:33,817 INFO [main] o.s.b.a.w.s.WelcomePageHandlerMapping [WelcomePageHandlerMapping.java : 57] Adding welcome page template: index
2023-02-24 14:11:34,308 INFO [xxl-job, admin JobLogReportHelper] com.zaxxer.hikari.HikariDataSource [HikariDataSource.java : 123] HikariCP - Start completed.
2023-02-24 14:11:34,504 INFO [main] o.s.b.a.e.web.EndpointLinksResolver [EndpointLinksResolver.java : 58] Exposing 2 endpoint(s) beneath base path '/actuator'
2023-02-24 14:11:34,567 INFO [main] o.a.coyote.http11.Http11NioProtocol [DirectJDKLog.java : 173] Starting ProtocolHandler ["http-nio-8080"]
2023-02-24 14:11:34,605 INFO [main] o.a.c.c.C.[.[.[/xxl-job-admin] [DirectJDKLog.java : 173] Initializing Spring DispatcherServlet 'dispatcherServlet'
2023-02-24 14:11:34,606 INFO [main] o.s.web.servlet.DispatcherServlet [FrameworkServlet.java : 525] Initializing Servlet 'dispatcherServlet'
2023-02-24 14:11:34,608 INFO [main] o.s.web.servlet.DispatcherServlet [FrameworkServlet.java : 547] Completed initialization in 2 ms
2023-02-24 14:11:34,609 INFO [main] o.s.b.w.e.tomcat.TomcatWebServer [TomcatWebServer.java : 220] Tomcat started on port(s): 8080 (http) with context path '/xxl-job-admin'
2023-02-24 14:11:34,628 INFO [main] c.x.job.admin.XxlJobAdminApplication [StartupInfoLogger.java : 61] Started XxlJobAdminApplication in 7.916 seconds (JVM running for 13.994)
2023-02-24 14:11:38,002 INFO [xxl-job, admin JobScheduleHelper#scheduleThread] c.x.j.a.c.thread.JobScheduleHelper [JobScheduleHelper.java : 52] >>>>>>>>> init xxl-job admin scheduler success.
2023-02-24 14:26:29,135 WARN [xxl-job, admin JobScheduleHelper#scheduleThread] com.zaxxer.hikari.pool.PoolBase [PoolBase.java : 184] HikariCP - Failed to validate connection com.mysql.cj.jdbc.ConnectionImpl@35861166 (Communications link failure

The last packet successfully received from the server was 892,891 milliseconds ago. The last packet sent successfully to the server was 892,931 milliseconds ago.). Possibly consider using a shorter maxLifetime value.
2023-02-24 14:26:30,137 WARN [xxl-job, admin JobScheduleHelper#scheduleThread] com.zaxxer.hikari.pool.PoolBase [PoolBase.java : 184] HikariCP - Failed to validate connection com.mysql.cj.jdbc.ConnectionImpl@498cb49d (Communications link failure

The last packet successfully received from the server was 891,440 milliseconds ago. The last packet sent successfully to the server was 891,476 milliseconds ago.). Possibly consider using a shorter maxLifetime value.
2023-02-24 14:41:11,118 WARN [xxl-job, admin JobScheduleHelper#scheduleThread] com.zaxxer.hikari.pool.PoolBase [PoolBase.java : 184] HikariCP - Failed to validate connection com.mysql.cj.jdbc.ConnectionImpl@61e6b9e8 (Communications link failure

The last packet successfully received from the server was 891,246 milliseconds ago. The last packet sent successfully to the server was 891,283 milliseconds ago.). Possibly consider using a shorter maxLifetime value.
2023-02-24 14:41:12,123 WARN [xxl-job, admin JobScheduleHelper#scheduleThread] com.zaxxer.hikari.pool.PoolBase [PoolBase.java : 184] HikariCP - Failed to validate connection com.mysql.cj.jdbc.ConnectionImpl@30447050 (Communications link failure

The last packet successfully received from the server was 886,261 milliseconds ago. The last packet sent successfully to the server was 886,297 milliseconds ago.). Possibly consider using a shorter maxLifetime value.
2023-02-24 14:41:13,125 WARN [xxl-job, admin JobScheduleHelper#scheduleThread] com.zaxxer.hikari.pool.PoolBase [PoolBase.java : 184] HikariCP - Failed to validate connection com.mysql.cj.jdbc.ConnectionImpl@439e508c (Communications link failure

The last packet successfully received from the server was 886,159 milliseconds ago. The last packet sent successfully to the server was 886,193 milliseconds ago.). Possibly consider using a shorter maxLifetime value.
2023-02-24 14:41:14,127 WARN [xxl-job, admin JobScheduleHelper#scheduleThread] com.zaxxer.hikari.pool.PoolBase [PoolBase.java : 184] HikariCP - Failed to validate connection com.mysql.cj.jdbc.ConnectionImpl@6e3fb533 (Communications link failure

The last packet successfully received from the server was 884,551 milliseconds ago. The last packet sent successfully to the server was 884,588 milliseconds ago.). Possibly consider using a shorter maxLifetime value.
2023-02-24 14:55:50,001 WARN [xxl-job, admin JobScheduleHelper#scheduleThread] com.zaxxer.hikari.pool.PoolBase [PoolBase.java : 184] HikariCP - Failed to validate connection com.mysql.cj.jdbc.ConnectionImpl@5f8ed36a (Communications link failure

The last packet successfully received from the server was 879,397 milliseconds ago. The last packet sent successfully to the server was 879,432 milliseconds ago.). Possibly consider using a shorter maxLifetime value.
2023-02-24 14:55:51,013 WARN [xxl-job, admin JobScheduleHelper#scheduleThread] com.zaxxer.hikari.pool.PoolBase [PoolBase.java : 184] HikariCP - Failed to validate connection com.mysql.cj.jdbc.ConnectionImpl@60cc0101 (Communications link failure

The last packet successfully received from the server was 879,576 milliseconds ago. The last packet sent successfully to the server was 879,614 milliseconds ago.). Possibly consider using a shorter maxLifetime value.
2023-02-24 14:55:52,019 WARN [xxl-job, admin JobScheduleHelper#scheduleThread] com.zaxxer.hikari.pool.PoolBase [PoolBase.java : 184] HikariCP - Failed to validate connection com.mysql.cj.jdbc.ConnectionImpl@218fb3b6 (Communications link failure

The last packet successfully received from the server was 880,106 milliseconds ago. The last packet sent successfully to the server was 880,144 milliseconds ago.). Possibly consider using a shorter maxLifetime value.
2023-02-24 14:55:52,383 WARN [xxl-job, admin JobLogReportHelper] com.zaxxer.hikari.pool.PoolBase [PoolBase.java : 184] HikariCP - Failed to validate connection com.mysql.cj.jdbc.ConnectionImpl@2a817622 (Communications link failure

The last packet successfully received from the server was 879,983 milliseconds ago. The last packet sent successfully to the server was 880,018 milliseconds ago.). Possibly consider using a shorter maxLifetime value.
2023-02-24 14:55:52,589 WARN [xxl-job, admin JobRegistryMonitorHelper-registryOrRemoveThreadPool-1643535845] com.zaxxer.hikari.pool.PoolBase [PoolBase.java : 184] HikariCP - Failed to validate connection com.mysql.cj.jdbc.ConnectionImpl@58862ab4 (Communications link failure

The last packet successfully received from the server was 879,760 milliseconds ago. The last packet sent successfully to the server was 879,796 milliseconds ago.). Possibly consider using a shorter maxLifetime value.
2023-02-24 14:55:53,026 WARN [xxl-job, admin JobScheduleHelper#scheduleThread] com.zaxxer.hikari.pool.PoolBase [PoolBase.java : 184] HikariCP - Failed to validate connection com.mysql.cj.jdbc.ConnectionImpl@11ed28e2 (Communications link failure

The last packet successfully received from the server was 879,452 milliseconds ago. The last packet sent successfully to the server was 879,488 milliseconds ago.). Possibly consider using a shorter maxLifetime value.
2023-02-24 15:10:39,102 WARN [xxl-job, admin JobScheduleHelper#scheduleThread] com.zaxxer.hikari.pool.PoolBase [PoolBase.java : 184] HikariCP - Failed to validate connection com.mysql.cj.jdbc.ConnectionImpl@56d45b41 (Communications link failure

The last packet successfully received from the server was 888,533 milliseconds ago. The last packet sent successfully to the server was 888,568 milliseconds ago.). Possibly consider using a shorter maxLifetime value.
2023-02-24 15:10:39,622 WARN [xxl-job, admin JobLosedMonitorHelper] com.zaxxer.hikari.pool.PoolBase [PoolBase.java : 184] HikariCP - Failed to validate connection com.mysql.cj.jdbc.ConnectionImpl@2c1d4b05 (Communications link failure

The last packet successfully received from the server was 887,083 milliseconds ago. The last packet sent successfully to the server was 887,122 milliseconds ago.). Possibly consider using a shorter maxLifetime value.
2023-02-24 15:10:40,109 WARN [xxl-job, admin JobScheduleHelper#scheduleThread] com.zaxxer.hikari.pool.PoolBase [PoolBase.java : 184] HikariCP - Failed to validate connection com.mysql.cj.jdbc.ConnectionImpl@2b78074f (Communications link failure

The last packet successfully received from the server was 887,065 milliseconds ago. The last packet sent successfully to the server was 887,105 milliseconds ago.). Possibly consider using a shorter maxLifetime value.
2023-02-24 15:10:40,629 WARN [xxl-job, admin JobLosedMonitorHelper] com.zaxxer.hikari.pool.PoolBase [PoolBase.java : 184] HikariCP - Failed to validate connection com.mysql.cj.jdbc.ConnectionImpl@6e87a6e6 (Communications link failure

The last packet successfully received from the server was 887,131 milliseconds ago. The last packet sent successfully to the server was 887,164 milliseconds ago.). Possibly consider using a shorter maxLifetime value.
2023-02-24 15:23:48,119 INFO [SpringContextShutdownHook] o.s.s.c.ThreadPoolTaskExecutor [ExecutorConfigurationSupport.java : 218] Shutting down ExecutorService 'applicationTaskExecutor'
2023-02-24 15:23:49,120 INFO [xxl-job, admin JobScheduleHelper#scheduleThread] c.x.j.a.c.thread.JobScheduleHelper [JobScheduleHelper.java : 212] >>>>>>>>>>> xxl-job, JobScheduleHelper#scheduleThread stop
2023-02-24 15:23:50,001 INFO [xxl-job, admin JobScheduleHelper#ringThread] c.x.j.a.c.thread.JobScheduleHelper [JobScheduleHelper.java : 264] >>>>>>>>>>> xxl-job, JobScheduleHelper#ringThread stop
2023-02-24 15:23:50,132 INFO [SpringContextShutdownHook] c.x.j.a.c.thread.JobScheduleHelper [JobScheduleHelper.java : 353] >>>>>>>>>>> xxl-job, JobScheduleHelper stop
2023-02-24 15:23:50,133 INFO [xxl-job, admin JobLogReportHelper] c.x.j.a.c.thread.JobLogReportHelper [JobLogReportHelper.java : 132] >>>>>>>>>>> xxl-job, job log report thread stop
2023-02-24 15:23:50,133 INFO [xxl-job, admin JobLosedMonitorHelper] c.x.j.a.c.thread.JobCompleteHelper [JobCompleteHelper.java : 111] >>>>>>>>>>> xxl-job, JobLosedMonitorHelper stop
2023-02-24 15:23:50,134 INFO [xxl-job, admin JobFailMonitorHelper] c.x.j.a.c.t.JobFailMonitorHelper [JobFailMonitorHelper.java : 90] >>>>>>>>>>> xxl-job, job fail monitor thread stop
2023-02-24 15:23:50,134 INFO [xxl-job, admin JobRegistryMonitorHelper-registryMonitorThread] c.x.j.a.c.thread.JobRegistryHelper [JobRegistryHelper.java : 123] >>>>>>>>>>> xxl-job, job registry monitor thread stop
2023-02-24 15:23:50,135 INFO [SpringContextShutdownHook] c.x.j.a.c.t.JobTriggerPoolHelper [JobTriggerPoolHelper.java : 60] >>>>>>>>> xxl-job trigger thread pool shutdown success.
2023-02-24 15:23:50,137 INFO [SpringContextShutdownHook] com.zaxxer.hikari.HikariDataSource [HikariDataSource.java : 350] HikariCP - Shutdown initiated...
2023-02-24 15:23:50,140 INFO [SpringContextShutdownHook] com.zaxxer.hikari.HikariDataSource [HikariDataSource.java : 352] HikariCP - Shutdown completed.
2023-02-24 15:24:12,803 INFO [main] c.x.job.admin.XxlJobAdminApplication [StartupInfoLogger.java : 55] Starting XxlJobAdminApplication using Java 1.8.0_131 on qingfeng_java with PID 2000 (D:\IDEA版java相关知识学习\web项目开发\基于SpringBoot的攀枝花学院第二课堂素质拓展学分管理系统\微服务架构版\后端\currency_authority\currency_xxl_job\xxl-job-admin\target\classes started by 25627 in D:\IDEA版java相关知识学习\web项目开发\基于SpringBoot的攀枝花学院第二课堂素质拓展学分管理系统\微服务架构版\后端\currency_authority)
2023-02-24 15:24:12,812 INFO [main] c.x.job.admin.XxlJobAdminApplication [SpringApplication.java : 660] No active profile set, falling back to default profiles: default
2023-02-24 15:24:16,601 INFO [main] o.s.b.w.e.tomcat.TomcatWebServer [TomcatWebServer.java : 108] Tomcat initialized with port(s): 8080 (http)
2023-02-24 15:24:16,657 INFO [main] o.a.coyote.http11.Http11NioProtocol [DirectJDKLog.java : 173] Initializing ProtocolHandler ["http-nio-8080"]
2023-02-24 15:24:16,659 INFO [main] o.a.catalina.core.StandardService [DirectJDKLog.java : 173] Starting service [Tomcat]
2023-02-24 15:24:16,659 INFO [main] o.a.catalina.core.StandardEngine [DirectJDKLog.java : 173] Starting Servlet engine: [Apache Tomcat/9.0.41]
2023-02-24 15:24:16,828 INFO [main] o.a.c.c.C.[.[.[/xxl-job-admin] [DirectJDKLog.java : 173] Initializing Spring embedded WebApplicationContext
2023-02-24 15:24:16,829 INFO [main] o.s.b.w.s.c.ServletWebServerApplicationContext [ServletWebServerApplicationContext.java : 289] Root WebApplicationContext: initialization completed in 3421 ms
2023-02-24 15:24:18,657 INFO [main] c.x.j.a.c.scheduler.XxlJobScheduler [XxlJobScheduler.java : 45] >>>>>>>>> init xxl-job admin success.
2023-02-24 15:24:18,676 INFO [xxl-job, admin JobLogReportHelper] com.zaxxer.hikari.HikariDataSource [HikariDataSource.java : 110] HikariCP - Starting...
2023-02-24 15:24:18,891 INFO [main] o.s.s.c.ThreadPoolTaskExecutor [ExecutorConfigurationSupport.java : 181] Initializing ExecutorService 'applicationTaskExecutor'
2023-02-24 15:24:19,095 INFO [main] o.s.b.a.w.s.WelcomePageHandlerMapping [WelcomePageHandlerMapping.java : 57] Adding welcome page template: index
2023-02-24 15:24:19,712 INFO [xxl-job, admin JobLogReportHelper] com.zaxxer.hikari.HikariDataSource [HikariDataSource.java : 123] HikariCP - Start completed.
2023-02-24 15:24:20,074 INFO [main] o.s.b.a.e.web.EndpointLinksResolver [EndpointLinksResolver.java : 58] Exposing 2 endpoint(s) beneath base path '/actuator'
2023-02-24 15:24:20,150 INFO [main] o.a.coyote.http11.Http11NioProtocol [DirectJDKLog.java : 173] Starting ProtocolHandler ["http-nio-8080"]
2023-02-24 15:24:20,203 INFO [main] o.a.c.c.C.[.[.[/xxl-job-admin] [DirectJDKLog.java : 173] Initializing Spring DispatcherServlet 'dispatcherServlet'
2023-02-24 15:24:20,205 INFO [main] o.s.web.servlet.DispatcherServlet [FrameworkServlet.java : 525] Initializing Servlet 'dispatcherServlet'
2023-02-24 15:24:20,208 INFO [main] o.s.web.servlet.DispatcherServlet [FrameworkServlet.java : 547] Completed initialization in 2 ms
2023-02-24 15:24:20,210 INFO [main] o.s.b.w.e.tomcat.TomcatWebServer [TomcatWebServer.java : 220] Tomcat started on port(s): 8080 (http) with context path '/xxl-job-admin'
2023-02-24 15:24:20,269 INFO [main] c.x.job.admin.XxlJobAdminApplication [StartupInfoLogger.java : 61] Started XxlJobAdminApplication in 9.087 seconds (JVM running for 15.093)
2023-02-24 15:24:23,000 INFO [xxl-job, admin JobScheduleHelper#scheduleThread] c.x.j.a.c.thread.JobScheduleHelper [JobScheduleHelper.java : 52] >>>>>>>>> init xxl-job admin scheduler success.
2023-02-24 15:31:15,957 INFO [SpringContextShutdownHook] o.s.s.c.ThreadPoolTaskExecutor [ExecutorConfigurationSupport.java : 218] Shutting down ExecutorService 'applicationTaskExecutor'
2023-02-24 15:31:16,958 INFO [xxl-job, admin JobScheduleHelper#scheduleThread] c.x.j.a.c.thread.JobScheduleHelper [JobScheduleHelper.java : 212] >>>>>>>>>>> xxl-job, JobScheduleHelper#scheduleThread stop
2023-02-24 15:31:17,000 INFO [xxl-job, admin JobScheduleHelper#ringThread] c.x.j.a.c.thread.JobScheduleHelper [JobScheduleHelper.java : 264] >>>>>>>>>>> xxl-job, JobScheduleHelper#ringThread stop
2023-02-24 15:31:17,958 INFO [SpringContextShutdownHook] c.x.j.a.c.thread.JobScheduleHelper [JobScheduleHelper.java : 353] >>>>>>>>>>> xxl-job, JobScheduleHelper stop
2023-02-24 15:31:17,958 INFO [xxl-job, admin JobLogReportHelper] c.x.j.a.c.thread.JobLogReportHelper [JobLogReportHelper.java : 132] >>>>>>>>>>> xxl-job, job log report thread stop
2023-02-24 15:31:17,959 INFO [xxl-job, admin JobLosedMonitorHelper] c.x.j.a.c.thread.JobCompleteHelper [JobCompleteHelper.java : 111] >>>>>>>>>>> xxl-job, JobLosedMonitorHelper stop
2023-02-24 15:31:17,959 INFO [xxl-job, admin JobFailMonitorHelper] c.x.j.a.c.t.JobFailMonitorHelper [JobFailMonitorHelper.java : 90] >>>>>>>>>>> xxl-job, job fail monitor thread stop
2023-02-24 15:31:17,960 INFO [xxl-job, admin JobRegistryMonitorHelper-registryMonitorThread] c.x.j.a.c.thread.JobRegistryHelper [JobRegistryHelper.java : 123] >>>>>>>>>>> xxl-job, job registry monitor thread stop
2023-02-24 15:31:17,960 INFO [SpringContextShutdownHook] c.x.j.a.c.t.JobTriggerPoolHelper [JobTriggerPoolHelper.java : 60] >>>>>>>>> xxl-job trigger thread pool shutdown success.
2023-02-24 15:31:17,962 INFO [SpringContextShutdownHook] com.zaxxer.hikari.HikariDataSource [HikariDataSource.java : 350] HikariCP - Shutdown initiated...
2023-02-24 15:31:17,967 INFO [SpringContextShutdownHook] com.zaxxer.hikari.HikariDataSource [HikariDataSource.java : 352] HikariCP - Shutdown completed.
2023-02-24 15:35:19,325 INFO [main] c.x.job.admin.XxlJobAdminApplication [StartupInfoLogger.java : 55] Starting XxlJobAdminApplication using Java 1.8.0_131 on qingfeng_java with PID 7656 (D:\IDEA版java相关知识学习\web项目开发\基于SpringBoot的攀枝花学院第二课堂素质拓展学分管理系统\微服务架构版\后端\currency_authority\currency_xxl_job\xxl-job-admin\target\classes started by 25627 in D:\IDEA版java相关知识学习\web项目开发\基于SpringBoot的攀枝花学院第二课堂素质拓展学分管理系统\微服务架构版\后端\currency_authority)
2023-02-24 15:35:19,330 INFO [main] c.x.job.admin.XxlJobAdminApplication [SpringApplication.java : 660] No active profile set, falling back to default profiles: default
2023-02-24 15:35:23,185 INFO [main] o.s.b.w.e.tomcat.TomcatWebServer [TomcatWebServer.java : 108] Tomcat initialized with port(s): 8080 (http)
2023-02-24 15:35:23,233 INFO [main] o.a.coyote.http11.Http11NioProtocol [DirectJDKLog.java : 173] Initializing ProtocolHandler ["http-nio-8080"]
2023-02-24 15:35:23,234 INFO [main] o.a.catalina.core.StandardService [DirectJDKLog.java : 173] Starting service [Tomcat]
2023-02-24 15:35:23,235 INFO [main] o.a.catalina.core.StandardEngine [DirectJDKLog.java : 173] Starting Servlet engine: [Apache Tomcat/9.0.41]
2023-02-24 15:35:23,389 INFO [main] o.a.c.c.C.[.[.[/xxl-job-admin] [DirectJDKLog.java : 173] Initializing Spring embedded WebApplicationContext
2023-02-24 15:35:23,389 INFO [main] o.s.b.w.s.c.ServletWebServerApplicationContext [ServletWebServerApplicationContext.java : 289] Root WebApplicationContext: initialization completed in 3544 ms
2023-02-24 15:35:25,004 INFO [main] c.x.j.a.c.scheduler.XxlJobScheduler [XxlJobScheduler.java : 45] >>>>>>>>> init xxl-job admin success.
2023-02-24 15:35:25,023 INFO [xxl-job, admin JobFailMonitorHelper] com.zaxxer.hikari.HikariDataSource [HikariDataSource.java : 110] HikariCP - Starting...
2023-02-24 15:35:25,167 INFO [main] o.s.s.c.ThreadPoolTaskExecutor [ExecutorConfigurationSupport.java : 181] Initializing ExecutorService 'applicationTaskExecutor'
2023-02-24 15:35:25,350 INFO [main] o.s.b.a.w.s.WelcomePageHandlerMapping [WelcomePageHandlerMapping.java : 57] Adding welcome page template: index
2023-02-24 15:35:25,882 INFO [xxl-job, admin JobFailMonitorHelper] com.zaxxer.hikari.HikariDataSource [HikariDataSource.java : 123] HikariCP - Start completed.
2023-02-24 15:35:26,013 INFO [main] o.s.b.a.e.web.EndpointLinksResolver [EndpointLinksResolver.java : 58] Exposing 2 endpoint(s) beneath base path '/actuator'
2023-02-24 15:35:26,057 INFO [main] o.a.coyote.http11.Http11NioProtocol [DirectJDKLog.java : 173] Starting ProtocolHandler ["http-nio-8080"]
2023-02-24 15:35:26,095 INFO [main] o.a.c.c.C.[.[.[/xxl-job-admin] [DirectJDKLog.java : 173] Initializing Spring DispatcherServlet 'dispatcherServlet'
2023-02-24 15:35:26,095 INFO [main] o.s.web.servlet.DispatcherServlet [FrameworkServlet.java : 525] Initializing Servlet 'dispatcherServlet'
2023-02-24 15:35:26,097 INFO [main] o.s.web.servlet.DispatcherServlet [FrameworkServlet.java : 547] Completed initialization in 1 ms
2023-02-24 15:35:26,098 INFO [main] o.s.b.w.e.tomcat.TomcatWebServer [TomcatWebServer.java : 220] Tomcat started on port(s): 8080 (http) with context path '/xxl-job-admin'
2023-02-24 15:35:26,129 INFO [main] c.x.job.admin.XxlJobAdminApplication [StartupInfoLogger.java : 61] Started XxlJobAdminApplication in 8.056 seconds (JVM running for 13.02)
2023-02-24 15:35:30,001 INFO [xxl-job, admin JobScheduleHelper#scheduleThread] c.x.j.a.c.thread.JobScheduleHelper [JobScheduleHelper.java : 52] >>>>>>>>> init xxl-job admin scheduler success.
2023-02-24 15:50:21,076 WARN [xxl-job, admin JobRegistryMonitorHelper-registryOrRemoveThreadPool-312863280] com.zaxxer.hikari.pool.PoolBase [PoolBase.java : 184] HikariCP - Failed to validate connection com.mysql.cj.jdbc.ConnectionImpl@30cb5ce8 (Communications link failure

The last packet successfully received from the server was 891,404 milliseconds ago. The last packet sent successfully to the server was 891,439 milliseconds ago.). Possibly consider using a shorter maxLifetime value.
2023-02-24 16:05:06,107 WARN [xxl-job, admin JobScheduleHelper#scheduleThread] com.zaxxer.hikari.pool.PoolBase [PoolBase.java : 184] HikariCP - Failed to validate connection com.mysql.cj.jdbc.ConnectionImpl@3117d45d (Communications link failure

The last packet successfully received from the server was 888,695 milliseconds ago. The last packet sent successfully to the server was 888,728 milliseconds ago.). Possibly consider using a shorter maxLifetime value.
2023-02-24 16:05:07,108 WARN [xxl-job, admin JobScheduleHelper#scheduleThread] com.zaxxer.hikari.pool.PoolBase [PoolBase.java : 184] HikariCP - Failed to validate connection com.mysql.cj.jdbc.ConnectionImpl@3ffa6448 (Communications link failure

The last packet successfully received from the server was 888,809 milliseconds ago. The last packet sent successfully to the server was 888,846 milliseconds ago.). Possibly consider using a shorter maxLifetime value.
2023-02-24 16:15:43,120 WARN [xxl-job, admin JobScheduleHelper#scheduleThread] com.zaxxer.hikari.pool.PoolBase [PoolBase.java : 184] HikariCP - Failed to validate connection com.mysql.cj.jdbc.ConnectionImpl@7ad57e30 (Communications link failure

The last packet successfully received from the server was 641,584 milliseconds ago. The last packet sent successfully to the server was 641,624 milliseconds ago.). Possibly consider using a shorter maxLifetime value.
2023-02-24 16:17:44,122 WARN [xxl-job, admin JobScheduleHelper#scheduleThread] com.zaxxer.hikari.pool.PoolBase [PoolBase.java : 184] HikariCP - Failed to validate connection com.mysql.cj.jdbc.ConnectionImpl@5dff444 (Communications link failure

The last packet successfully received from the server was 761,378 milliseconds ago. The last packet sent successfully to the server was 761,425 milliseconds ago.). Possibly consider using a shorter maxLifetime value.
2023-02-24 16:19:40,140 WARN [xxl-job, admin JobScheduleHelper#scheduleThread] com.zaxxer.hikari.pool.PoolBase [PoolBase.java : 184] HikariCP - Failed to validate connection com.mysql.cj.jdbc.ConnectionImpl@1653753d (Communications link failure

The last packet successfully received from the server was 876,279 milliseconds ago. The last packet sent successfully to the server was 876,314 milliseconds ago.). Possibly consider using a shorter maxLifetime value.
2023-02-24 16:19:41,142 WARN [xxl-job, admin JobScheduleHelper#scheduleThread] com.zaxxer.hikari.pool.PoolBase [PoolBase.java : 184] HikariCP - Failed to validate connection com.mysql.cj.jdbc.ConnectionImpl@1c86a3e3 (Communications link failure

The last packet successfully received from the server was 874,627 milliseconds ago. The last packet sent successfully to the server was 874,665 milliseconds ago.). Possibly consider using a shorter maxLifetime value.
2023-02-24 16:19:42,157 WARN [xxl-job, admin JobScheduleHelper#scheduleThread] com.zaxxer.hikari.pool.PoolBase [PoolBase.java : 184] HikariCP - Failed to validate connection com.mysql.cj.jdbc.ConnectionImpl@4b7af307 (Communications link failure

The last packet successfully received from the server was 875,198 milliseconds ago. The last packet sent successfully to the server was 875,236 milliseconds ago.). Possibly consider using a shorter maxLifetime value.
2023-02-24 16:19:43,159 WARN [xxl-job, admin JobScheduleHelper#scheduleThread] com.zaxxer.hikari.pool.PoolBase [PoolBase.java : 184] HikariCP - Failed to validate connection com.mysql.cj.jdbc.ConnectionImpl@21f73a64 (Communications link failure

The last packet successfully received from the server was 875,805 milliseconds ago. The last packet sent successfully to the server was 875,837 milliseconds ago.). Possibly consider using a shorter maxLifetime value.
2023-02-24 16:19:44,161 WARN [xxl-job, admin JobScheduleHelper#scheduleThread] com.zaxxer.hikari.pool.PoolBase [PoolBase.java : 184] HikariCP - Failed to validate connection com.mysql.cj.jdbc.ConnectionImpl@2c8059fa (Communications link failure

The last packet successfully received from the server was 876,301 milliseconds ago. The last packet sent successfully to the server was 876,336 milliseconds ago.). Possibly consider using a shorter maxLifetime value.
2023-02-24 16:31:50,116 WARN [xxl-job, admin JobScheduleHelper#scheduleThread] com.zaxxer.hikari.pool.PoolBase [PoolBase.java : 184] HikariCP - Failed to validate connection com.mysql.cj.jdbc.ConnectionImpl@64687b33 (Communications link failure

The last packet successfully received from the server was 729,493 milliseconds ago. The last packet sent successfully to the server was 729,529 milliseconds ago.). Possibly consider using a shorter maxLifetime value.
2023-02-24 16:32:36,118 WARN [xxl-job, admin JobScheduleHelper#scheduleThread] com.zaxxer.hikari.pool.PoolBase [PoolBase.java : 184] HikariCP - Failed to validate connection com.mysql.cj.jdbc.ConnectionImpl@32b04af0 (Communications link failure

The last packet successfully received from the server was 774,980 milliseconds ago. The last packet sent successfully to the server was 775,026 milliseconds ago.). Possibly consider using a shorter maxLifetime value.
2023-02-24 16:32:37,120 WARN [xxl-job, admin JobScheduleHelper#scheduleThread] com.zaxxer.hikari.pool.PoolBase [PoolBase.java : 184] HikariCP - Failed to validate connection com.mysql.cj.jdbc.ConnectionImpl@73aeb6e6 (Communications link failure

The last packet successfully received from the server was 775,459 milliseconds ago. The last packet sent successfully to the server was 775,500 milliseconds ago.). Possibly consider using a shorter maxLifetime value.
2023-02-24 16:32:38,128 WARN [xxl-job, admin JobScheduleHelper#scheduleThread] com.zaxxer.hikari.pool.PoolBase [PoolBase.java : 184] HikariCP - Failed to validate connection com.mysql.cj.jdbc.ConnectionImpl@3463b08b (Communications link failure

The last packet successfully received from the server was 775,939 milliseconds ago. The last packet sent successfully to the server was 775,978 milliseconds ago.). Possibly consider using a shorter maxLifetime value.
2023-02-24 16:32:39,130 WARN [xxl-job, admin JobScheduleHelper#scheduleThread] com.zaxxer.hikari.pool.PoolBase [PoolBase.java : 184] HikariCP - Failed to validate connection com.mysql.cj.jdbc.ConnectionImpl@1b560733 (Communications link failure

The last packet successfully received from the server was 776,402 milliseconds ago. The last packet sent successfully to the server was 776,439 milliseconds ago.). Possibly consider using a shorter maxLifetime value.
2023-02-24 16:32:40,134 WARN [xxl-job, admin JobScheduleHelper#scheduleThread] com.zaxxer.hikari.pool.PoolBase [PoolBase.java : 184] HikariCP - Failed to validate connection com.mysql.cj.jdbc.ConnectionImpl@4d0b9a3 (Communications link failure

The last packet successfully received from the server was 776,372 milliseconds ago. The last packet sent successfully to the server was 776,412 milliseconds ago.). Possibly consider using a shorter maxLifetime value.
2023-02-24 16:32:41,143 WARN [xxl-job, admin JobScheduleHelper#scheduleThread] com.zaxxer.hikari.pool.PoolBase [PoolBase.java : 184] HikariCP - Failed to validate connection com.mysql.cj.jdbc.ConnectionImpl@2f145995 (Communications link failure

The last packet successfully received from the server was 776,435 milliseconds ago. The last packet sent successfully to the server was 776,475 milliseconds ago.). Possibly consider using a shorter maxLifetime value.
2023-02-24 16:47:27,010 WARN [xxl-job, admin JobScheduleHelper#scheduleThread] com.zaxxer.hikari.pool.PoolBase [PoolBase.java : 184] HikariCP - Failed to validate connection com.mysql.cj.jdbc.ConnectionImpl@137359f0 (Communications link failure

The last packet successfully received from the server was 890,138 milliseconds ago. The last packet sent successfully to the server was 890,174 milliseconds ago.). Possibly consider using a shorter maxLifetime value.
2023-02-24 16:47:27,197 WARN [xxl-job, admin JobRegistryMonitorHelper-registryOrRemoveThreadPool-1000173573] com.zaxxer.hikari.pool.PoolBase [PoolBase.java : 184] HikariCP - Failed to validate connection com.mysql.cj.jdbc.ConnectionImpl@602574ff (Communications link failure

The last packet successfully received from the server was 889,617 milliseconds ago. The last packet sent successfully to the server was 889,654 milliseconds ago.). Possibly consider using a shorter maxLifetime value.
2023-02-24 16:47:28,017 WARN [xxl-job, admin JobScheduleHelper#scheduleThread] com.zaxxer.hikari.pool.PoolBase [PoolBase.java : 184] HikariCP - Failed to validate connection com.mysql.cj.jdbc.ConnectionImpl@218dce35 (Communications link failure

The last packet successfully received from the server was 889,439 milliseconds ago. The last packet sent successfully to the server was 889,477 milliseconds ago.). Possibly consider using a shorter maxLifetime value.
2023-02-24 17:02:09,111 WARN [xxl-job, admin JobScheduleHelper#scheduleThread] com.zaxxer.hikari.pool.PoolBase [PoolBase.java : 184] HikariCP - Failed to validate connection com.mysql.cj.jdbc.ConnectionImpl@ecd13af (Communications link failure

The last packet successfully received from the server was 882,292 milliseconds ago. The last packet sent successfully to the server was 882,333 milliseconds ago.). Possibly consider using a shorter maxLifetime value.
2023-02-24 17:02:10,116 WARN [xxl-job, admin JobScheduleHelper#scheduleThread] com.zaxxer.hikari.pool.PoolBase [PoolBase.java : 184] HikariCP - Failed to validate connection com.mysql.cj.jdbc.ConnectionImpl@500e58be (Communications link failure

The last packet successfully received from the server was 882,801 milliseconds ago. The last packet sent successfully to the server was 882,841 milliseconds ago.). Possibly consider using a shorter maxLifetime value.
2023-02-24 17:02:11,129 WARN [xxl-job, admin JobScheduleHelper#scheduleThread] com.zaxxer.hikari.pool.PoolBase [PoolBase.java : 184] HikariCP - Failed to validate connection com.mysql.cj.jdbc.ConnectionImpl@2a4cd76 (Communications link failure

The last packet successfully received from the server was 883,395 milliseconds ago. The last packet sent successfully to the server was 883,431 milliseconds ago.). Possibly consider using a shorter maxLifetime value.
2023-02-24 17:02:12,145 WARN [xxl-job, admin JobScheduleHelper#scheduleThread] com.zaxxer.hikari.pool.PoolBase [PoolBase.java : 184] HikariCP - Failed to validate connection com.mysql.cj.jdbc.ConnectionImpl@245136f0 (Communications link failure

The last packet successfully received from the server was 883,953 milliseconds ago. The last packet sent successfully to the server was 883,989 milliseconds ago.). Possibly consider using a shorter maxLifetime value.
2023-02-24 17:02:13,162 WARN [xxl-job, admin JobScheduleHelper#scheduleThread] com.zaxxer.hikari.pool.PoolBase [PoolBase.java : 184] HikariCP - Failed to validate connection com.mysql.cj.jdbc.ConnectionImpl@42e709be (Communications link failure

The last packet successfully received from the server was 676,342 milliseconds ago. The last packet sent successfully to the server was 676,375 milliseconds ago.). Possibly consider using a shorter maxLifetime value.
2023-02-24 17:13:34,145 WARN [xxl-job, admin JobLosedMonitorHelper] com.zaxxer.hikari.pool.PoolBase [PoolBase.java : 184] HikariCP - Failed to validate connection com.mysql.cj.jdbc.ConnectionImpl@30c2bef2 (Communications link failure

The last packet successfully received from the server was 684,563 milliseconds ago. The last packet sent successfully to the server was 684,603 milliseconds ago.). Possibly consider using a shorter maxLifetime value.
2023-02-24 17:16:14,026 WARN [xxl-job, admin JobScheduleHelper#scheduleThread] com.zaxxer.hikari.pool.PoolBase [PoolBase.java : 184] HikariCP - Failed to validate connection com.mysql.cj.jdbc.ConnectionImpl@4413fe4a (Communications link failure

The last packet successfully received from the server was 843,990 milliseconds ago. The last packet sent successfully to the server was 844,028 milliseconds ago.). Possibly consider using a shorter maxLifetime value.
2023-02-24 17:16:50,153 WARN [xxl-job, admin JobScheduleHelper#scheduleThread] com.zaxxer.hikari.pool.PoolBase [PoolBase.java : 184] HikariCP - Failed to validate connection com.mysql.cj.jdbc.ConnectionImpl@1ed12014 (Communications link failure

The last packet successfully received from the server was 879,658 milliseconds ago. The last packet sent successfully to the server was 879,696 milliseconds ago.). Possibly consider using a shorter maxLifetime value.
2023-02-24 17:16:51,168 WARN [xxl-job, admin JobScheduleHelper#scheduleThread] com.zaxxer.hikari.pool.PoolBase [PoolBase.java : 184] HikariCP - Failed to validate connection com.mysql.cj.jdbc.ConnectionImpl@53634e04 (Communications link failure

The last packet successfully received from the server was 880,112 milliseconds ago. The last packet sent successfully to the server was 880,210 milliseconds ago.). Possibly consider using a shorter maxLifetime value.
2023-02-24 17:16:52,183 WARN [xxl-job, admin JobScheduleHelper#scheduleThread] com.zaxxer.hikari.pool.PoolBase [PoolBase.java : 184] HikariCP - Failed to validate connection com.mysql.cj.jdbc.ConnectionImpl@6feda6ba (Communications link failure

The last packet successfully received from the server was 880,548 milliseconds ago. The last packet sent successfully to the server was 880,590 milliseconds ago.). Possibly consider using a shorter maxLifetime value.
